Log file open, 12/13/21 14:10:25
LogWindows: Failed to load 'aqProf.dll' (GetLastError=126)
LogWindows: File 'aqProf.dll' does not exist
LogWindows: Failed to load 'VtuneApi.dll' (GetLastError=126)
LogWindows: File 'VtuneApi.dll' does not exist
LogWindows: Failed to load 'VtuneApi32e.dll' (GetLastError=126)
LogWindows: File 'VtuneApi32e.dll' does not exist
LogConsoleResponse: Display: Failed to find resolution value strings in scalability ini. Falling back to default.
LogConsoleResponse: Display: Failed to find resolution value strings in scalability ini. Falling back to default.
LogInit: Display: Running engine for game: Unreal2D
LogPlatformFile: Not using cached read wrapper
LogTaskGraph: Started task graph with 5 named threads and 23 total threads with 3 sets of task threads.
LogStats: Stats thread started at 0.273708
LogICUInternationalization: ICU TimeZone Detection - Raw Offset: -7:00, Platform Override: ''
LogInit: Display: Loading text-based GConfig....
LogPluginManager: Mounting plugin MeshPainting
LogPluginManager: Mounting plugin XGEController
LogPluginManager: Mounting plugin Paper2D
LogPluginManager: Mounting plugin AISupport
LogPluginManager: Mounting plugin EnvironmentQueryEditor
LogPluginManager: Mounting plugin LightPropagationVolume
LogPluginManager: Mounting plugin LiveLink
LogPluginManager: Mounting plugin OodleNetwork
LogPluginManager: Mounting plugin OodleData
LogPluginManager: Mounting plugin CameraShakePreviewer
LogPluginManager: Mounting plugin GameplayCameras
LogPluginManager: Mounting plugin AnimationSharing
LogPluginManager: Mounting plugin CLionSourceCodeAccess
LogPluginManager: Mounting plugin CodeLiteSourceCodeAccess
LogPluginManager: Mounting plugin GitSourceControl
LogPluginManager: Mounting plugin KDevelopSourceCodeAccess
LogPluginManager: Mounting plugin NullSourceCodeAccess
LogPluginManager: Mounting plugin PerforceSourceControl
LogPluginManager: Mounting plugin PlasticSourceControl
LogPluginManager: Mounting plugin PixWinPlugin
LogPluginManager: Mounting plugin PropertyAccessNode
LogPluginManager: Mounting plugin RiderSourceCodeAccess
LogPluginManager: Mounting plugin SubversionSourceControl
LogPluginManager: Mounting plugin TextureFormatOodle
LogPluginManager: Mounting plugin UObjectPlugin
LogPluginManager: Mounting plugin VisualStudioCodeSourceCodeAccess
LogPluginManager: Mounting plugin PluginUtils
LogPluginManager: Mounting plugin VisualStudioSourceCodeAccess
LogPluginManager: Mounting plugin XCodeSourceCodeAccess
LogPluginManager: Mounting plugin LuminPlatformFeatures
LogPluginManager: Mounting plugin MagicLeapLightEstimation
LogPluginManager: Mounting plugin MagicLeap
LogPluginManager: Mounting plugin MagicLeapMedia
LogPluginManager: Mounting plugin MagicLeapPassableWorld
LogPluginManager: Mounting plugin MLSDK
LogPluginManager: Mounting plugin Niagara
LogPluginManager: Mounting plugin DatasmithContent
LogPluginManager: Mounting plugin VariantManagerContent
LogPluginManager: Mounting plugin AutomationUtils
LogPluginManager: Mounting plugin AlembicImporter
LogPluginManager: Mounting plugin BackChannel
LogPluginManager: Mounting plugin AssetManagerEditor
LogPluginManager: Mounting plugin AndroidMedia
LogPluginManager: Mounting plugin AvfMedia
LogPluginManager: Mounting plugin ChaosCloth
LogPluginManager: Mounting plugin ChaosClothEditor
LogPluginManager: Mounting plugin ChaosEditor
LogPluginManager: Mounting plugin ChaosNiagara
LogPluginManager: Mounting plugin ChaosSolverPlugin
LogPluginManager: Mounting plugin CharacterAI
LogPluginManager: Mounting plugin ImgMedia
LogPluginManager: Mounting plugin CryptoKeys
LogPluginManager: Mounting plugin CurveEditorTools
LogPluginManager: Mounting plugin MediaCompositing
LogPluginManager: Mounting plugin DataValidation
LogPluginManager: Mounting plugin FacialAnimation
LogPluginManager: Mounting plugin GameplayTagsEditor
LogPluginManager: Mounting plugin GeometryMode
LogPluginManager: Mounting plugin MacGraphicsSwitching
LogPluginManager: Mounting plugin MaterialAnalyzer
LogPluginManager: Mounting plugin MediaPlayerEditor
LogPluginManager: Mounting plugin MobileLauncherProfileWizard
LogPluginManager: Mounting plugin PluginBrowser
LogPluginManager: Mounting plugin SpeedTreeImporter
LogPluginManager: Mounting plugin WebMMedia
LogPluginManager: Mounting plugin WmfMedia
LogPluginManager: Mounting plugin GeometryCache
LogPluginManager: Mounting plugin GeometryCollectionPlugin
LogPluginManager: Mounting plugin UdpMessaging
LogPluginManager: Mounting plugin TcpMessaging
LogPluginManager: Mounting plugin GeometryProcessing
LogPluginManager: Mounting plugin MotoSynth
LogPluginManager: Mounting plugin OpenImageDenoise
LogPluginManager: Mounting plugin PlanarCut
LogPluginManager: Mounting plugin PlatformCrypto
LogPluginManager: Mounting plugin ProxyLODPlugin
LogPluginManager: Mounting plugin PythonScriptPlugin
LogPluginManager: Mounting plugin SkeletalReduction
LogPluginManager: Mounting plugin ActorSequence
LogPluginManager: Mounting plugin LevelSequenceEditor
LogPluginManager: Mounting plugin MatineeToLevelSequence
LogPluginManager: Mounting plugin TemplateSequence
LogPluginManager: Mounting plugin OnlineSubsystem
LogPluginManager: Mounting plugin OnlineSubsystemNull
LogPluginManager: Mounting plugin OnlineSubsystemUtils
LogPluginManager: Mounting plugin LauncherChunkInstaller
LogPluginManager: Mounting plugin ActorLayerUtilities
LogPluginManager: Mounting plugin AndroidDeviceProfileSelector
LogPluginManager: Mounting plugin AndroidPermission
LogPluginManager: Mounting plugin AppleImageUtils
LogPluginManager: Mounting plugin AppleMoviePlayer
LogPluginManager: Mounting plugin ArchVisCharacter
LogPluginManager: Mounting plugin AndroidMoviePlayer
LogPluginManager: Mounting plugin AssetTags
LogPluginManager: Mounting plugin AudioCapture
LogPluginManager: Mounting plugin AudioSynesthesia
LogPluginManager: Mounting plugin CableComponent
LogPluginManager: Mounting plugin ChunkDownloader
LogPluginManager: Mounting plugin CustomMeshComponent
LogPluginManager: Mounting plugin ExampleDeviceProfileSelector
LogPluginManager: Mounting plugin EditableMesh
LogPluginManager: Mounting plugin GoogleCloudMessaging
LogPluginManager: Mounting plugin GooglePAD
LogPluginManager: Mounting plugin ScreenshotTools
LogPluginManager: Mounting plugin IOSDeviceProfileSelector
LogPluginManager: Mounting plugin LinuxDeviceProfileSelector
LogPluginManager: Mounting plugin LocationServicesBPLibrary
LogPluginManager: Mounting plugin MobilePatchingUtils
LogPluginManager: Mounting plugin OpenXR
LogPluginManager: Mounting plugin OpenXREyeTracker
LogPluginManager: Mounting plugin OpenXRHandTracking
LogPluginManager: Mounting plugin PhysXVehicles
LogPluginManager: Mounting plugin Takes
LogPluginManager: Mounting plugin ProceduralMeshComponent
LogPluginManager: Mounting plugin PostSplashScreen
LogPluginManager: Mounting plugin PropertyAccessEditor
LogPluginManager: Mounting plugin SignificanceManager
LogPluginManager: Mounting plugin RuntimePhysXCooking
LogPluginManager: Mounting plugin Synthesis
LogPluginManager: Mounting plugin WebMMoviePlayer
LogPluginManager: Mounting plugin WindowsMoviePlayer
LogPluginManager: Mounting plugin SoundFields
LogPluginManager: Mounting plugin ContentBrowserAssetDataSource
LogPluginManager: Mounting plugin ContentBrowserClassDataSource
LogPluginManager: Mounting plugin ContentBrowserFileDataSource
LogPluginManager: Mounting plugin OnlineSubsystemIOS
LogPluginManager: Mounting plugin OnlineSubsystemGooglePlay
LogPluginManager: Mounting plugin OculusVR
LogPluginManager: Mounting plugin SteamVR
PixWinPlugin: PIX capture plugin failed to initialize! Check that the process is launched from PIX.
LogInit: Using libcurl 7.55.1-DEV
LogInit:  - built for x86_64-pc-win32
LogInit:  - supports SSL with OpenSSL/1.1.1
LogInit:  - supports HTTP deflate (compression) using libz 1.2.8
LogInit:  - other features:
LogInit:      CURL_VERSION_SSL
LogInit:      CURL_VERSION_LIBZ
LogInit:      CURL_VERSION_IPV6
LogInit:      CURL_VERSION_ASYNCHDNS
LogInit:      CURL_VERSION_LARGEFILE
LogInit:      CURL_VERSION_IDN
LogInit:  CurlRequestOptions (configurable via config and command line):
LogInit:  - bVerifyPeer = true  - Libcurl will verify peer certificate
LogInit:  - bUseHttpProxy = false  - Libcurl will NOT use HTTP proxy
LogInit:  - bDontReuseConnections = false  - Libcurl will reuse connections
LogInit:  - MaxHostConnections = 16  - Libcurl will limit the number of connections to a host
LogInit:  - LocalHostAddr = Default
LogInit:  - BufferSize = 65536
LogOnline: OSS: Creating online subsystem instance for: NULL
LogInit: WinSock: version 1.1 (2.2), MaxSocks=32767, MaxUdp=65467
LogOnline: OSS: TryLoadSubsystemAndSetDefault: Loaded subsystem for module [NULL]
LogOculusPluginWrapper: OculusPlugin initialized successfully
LogHMD: Failed initializing OVRPlugin 1.59.0
LogInit: Build: ++UE4+Release-4.27-CL-18319896
LogInit: Engine Version: 4.27.2-18319896+++UE4+Release-4.27
LogInit: Compatible Engine Version: 4.27.0-17155196+++UE4+Release-4.27
LogInit: Net CL: 17155196
LogInit: OS: Windows 10 (Release 2009) (), CPU: Intel(R) Core(TM) i7-7820HK CPU @ 2.90GHz, GPU: NVIDIA GeForce GTX 1070
LogInit: Compiled (64-bit): Nov 30 2021 07:12:08
LogInit: Compiled with Visual C++: 19.24.28315.00
LogInit: Build Configuration: Development
LogInit: Branch Name: ++UE4+Release-4.27
LogInit: Command Line: 
LogInit: Base Directory: C:/Program Files/Epic Games/UE_4.27/Engine/Binaries/Win64/
LogInit: Allocator: TBB
LogInit: Installed Engine Build: 1
LogDevObjectVersion: Number of dev versions registered: 29
LogDevObjectVersion:   Dev-Blueprints (B0D832E4-1F89-4F0D-ACCF-7EB736FD4AA2): 10
LogDevObjectVersion:   Dev-Build (E1C64328-A22C-4D53-A36C-8E866417BD8C): 0
LogDevObjectVersion:   Dev-Core (375EC13C-06E4-48FB-B500-84F0262A717E): 4
LogDevObjectVersion:   Dev-Editor (E4B068ED-F494-42E9-A231-DA0B2E46BB41): 40
LogDevObjectVersion:   Dev-Framework (CFFC743F-43B0-4480-9391-14DF171D2073): 37
LogDevObjectVersion:   Dev-Mobile (B02B49B5-BB20-44E9-A304-32B752E40360): 3
LogDevObjectVersion:   Dev-Networking (A4E4105C-59A1-49B5-A7C5-40C4547EDFEE): 0
LogDevObjectVersion:   Dev-Online (39C831C9-5AE6-47DC-9A44-9C173E1C8E7C): 0
LogDevObjectVersion:   Dev-Physics (78F01B33-EBEA-4F98-B9B4-84EACCB95AA2): 14
LogDevObjectVersion:   Dev-Platform (6631380F-2D4D-43E0-8009-CF276956A95A): 0
LogDevObjectVersion:   Dev-Rendering (12F88B9F-8875-4AFC-A67C-D90C383ABD29): 45
LogDevObjectVersion:   Dev-Sequencer (7B5AE74C-D270-4C10-A958-57980B212A5A): 13
LogDevObjectVersion:   Dev-VR (D7296918-1DD6-4BDD-9DE2-64A83CC13884): 3
LogDevObjectVersion:   Dev-LoadTimes (C2A15278-BFE7-4AFE-6C17-90FF531DF755): 1
LogDevObjectVersion:   Private-Geometry (6EACA3D4-40EC-4CC1-B786-8BED09428FC5): 3
LogDevObjectVersion:   Dev-AnimPhys (29E575DD-E0A3-4627-9D10-D276232CDCEA): 17
LogDevObjectVersion:   Dev-Anim (AF43A65D-7FD3-4947-9873-3E8ED9C1BB05): 15
LogDevObjectVersion:   Dev-ReflectionCapture (6B266CEC-1EC7-4B8F-A30B-E4D90942FC07): 1
LogDevObjectVersion:   Dev-Automation (0DF73D61-A23F-47EA-B727-89E90C41499A): 1
LogDevObjectVersion:   FortniteMain (601D1886-AC64-4F84-AA16-D3DE0DEAC7D6): 47
LogDevObjectVersion:   FortniteRelease (E7086368-6B23-4C58-8439-1B7016265E91): 1
LogDevObjectVersion:   Dev-Enterprise (9DFFBCD6-494F-0158-E221-12823C92A888): 10
LogDevObjectVersion:   Dev-Niagara (F2AED0AC-9AFE-416F-8664-AA7FFA26D6FC): 1
LogDevObjectVersion:   Dev-Destruction (174F1F0B-B4C6-45A5-B13F-2EE8D0FB917D): 10
LogDevObjectVersion:   Dev-Physics-Ext (35F94A83-E258-406C-A318-09F59610247C): 41
LogDevObjectVersion:   Dev-PhysicsMaterial-Chaos (B68FC16E-8B1B-42E2-B453-215C058844FE): 1
LogDevObjectVersion:   Dev-CineCamera (B2E18506-4273-CFC2-A54E-F4BB758BBA07): 1
LogDevObjectVersion:   Dev-VirtualProduction (64F58936-FD1B-42BA-BA96-7289D5D0FA4E): 1
LogDevObjectVersion:   Dev-MediaFramework (6F0ED827-A609-4895-9C91-998D90180EA4): 2
LogInit: Presizing for max 25165824 objects, including 0 objects not considered by GC, pre-allocating 0 bytes for permanent pool.
LogConfig: Applying CVar settings from Section [/Script/Engine.StreamingSettings] File [C:/Users/inuya/Documents/GitHub/Unreal2D/Unreal2D/Saved/Config/Windows/Engine.ini]
LogConfig: Setting CVar [[s.MinBulkDataSizeForAsyncLoading:131072]]
LogConfig: Setting CVar [[s.AsyncLoadingThreadEnabled:0]]
LogConfig: Setting CVar [[s.EventDrivenLoaderEnabled:1]]
LogConfig: Setting CVar [[s.WarnIfTimeLimitExceeded:0]]
LogConfig: Setting CVar [[s.TimeLimitExceededMultiplier:1.5]]
LogConfig: Setting CVar [[s.TimeLimitExceededMinTime:0.005]]
LogConfig: Setting CVar [[s.UseBackgroundLevelStreaming:1]]
LogConfig: Setting CVar [[s.PriorityAsyncLoadingExtraTime:15.0]]
LogConfig: Setting CVar [[s.LevelStreamingActorsUpdateTimeLimit:5.0]]
LogConfig: Setting CVar [[s.PriorityLevelStreamingActorsUpdateExtraTime:5.0]]
LogConfig: Setting CVar [[s.LevelStreamingComponentsRegistrationGranularity:10]]
LogConfig: Setting CVar [[s.UnregisterComponentsTimeLimit:1.0]]
LogConfig: Setting CVar [[s.LevelStreamingComponentsUnregistrationGranularity:5]]
LogConfig: Setting CVar [[s.FlushStreamingOnExit:1]]
LogInit: Object subsystem initialized
LogConfig: Setting CVar [[con.DebugEarlyDefault:1]]
LogConfig: Setting CVar [[r.setres:1280x720]]
[2021.12.13-21.10.26:541][  0]LogConfig: Setting CVar [[r.VSync:0]]
[2021.12.13-21.10.26:541][  0]LogConfig: Setting CVar [[r.RHICmdBypass:0]]
[2021.12.13-21.10.26:541][  0]LogConfig: Applying CVar settings from Section [/Script/Engine.RendererSettings] File [C:/Users/inuya/Documents/GitHub/Unreal2D/Unreal2D/Saved/Config/Windows/Engine.ini]
[2021.12.13-21.10.26:541][  0]LogConfig: Setting CVar [[r.GPUCrashDebugging:0]]
[2021.12.13-21.10.26:541][  0]LogConfig: Setting CVar [[r.MobileHDR:0]]
[2021.12.13-21.10.26:541][  0]LogConfig: Applying CVar settings from Section [/Script/Engine.RendererOverrideSettings] File [C:/Users/inuya/Documents/GitHub/Unreal2D/Unreal2D/Saved/Config/Windows/Engine.ini]
[2021.12.13-21.10.26:541][  0]LogConfig: Applying CVar settings from Section [/Script/Engine.StreamingSettings] File [C:/Users/inuya/Documents/GitHub/Unreal2D/Unreal2D/Saved/Config/Windows/Engine.ini]
[2021.12.13-21.10.26:541][  0]LogConfig: Setting CVar [[s.MinBulkDataSizeForAsyncLoading:131072]]
[2021.12.13-21.10.26:541][  0]LogConfig: Setting CVar [[s.AsyncLoadingThreadEnabled:0]]
[2021.12.13-21.10.26:541][  0]LogConfig: Setting CVar [[s.EventDrivenLoaderEnabled:1]]
[2021.12.13-21.10.26:541][  0]LogConfig: Setting CVar [[s.WarnIfTimeLimitExceeded:0]]
[2021.12.13-21.10.26:541][  0]LogConfig: Setting CVar [[s.TimeLimitExceededMultiplier:1.5]]
[2021.12.13-21.10.26:541][  0]LogConfig: Setting CVar [[s.TimeLimitExceededMinTime:0.005]]
[2021.12.13-21.10.26:541][  0]LogConfig: Setting CVar [[s.UseBackgroundLevelStreaming:1]]
[2021.12.13-21.10.26:541][  0]LogConfig: Setting CVar [[s.PriorityAsyncLoadingExtraTime:15.0]]
[2021.12.13-21.10.26:541][  0]LogConfig: Setting CVar [[s.LevelStreamingActorsUpdateTimeLimit:5.0]]
[2021.12.13-21.10.26:541][  0]LogConfig: Setting CVar [[s.PriorityLevelStreamingActorsUpdateExtraTime:5.0]]
[2021.12.13-21.10.26:541][  0]LogConfig: Setting CVar [[s.LevelStreamingComponentsRegistrationGranularity:10]]
[2021.12.13-21.10.26:541][  0]LogConfig: Setting CVar [[s.UnregisterComponentsTimeLimit:1.0]]
[2021.12.13-21.10.26:541][  0]LogConfig: Setting CVar [[s.LevelStreamingComponentsUnregistrationGranularity:5]]
[2021.12.13-21.10.26:541][  0]LogConfig: Setting CVar [[s.FlushStreamingOnExit:1]]
[2021.12.13-21.10.26:541][  0]LogConfig: Applying CVar settings from Section [/Script/Engine.GarbageCollectionSettings] File [C:/Users/inuya/Documents/GitHub/Unreal2D/Unreal2D/Saved/Config/Windows/Engine.ini]
[2021.12.13-21.10.26:542][  0]LogConfig: Setting CVar [[gc.MaxObjectsNotConsideredByGC:1]]
[2021.12.13-21.10.26:542][  0]LogConfig: Setting CVar [[gc.SizeOfPermanentObjectPool:0]]
[2021.12.13-21.10.26:542][  0]LogConfig: Setting CVar [[gc.FlushStreamingOnGC:0]]
[2021.12.13-21.10.26:542][  0]LogConfig: Setting CVar [[gc.NumRetriesBeforeForcingGC:10]]
[2021.12.13-21.10.26:542][  0]LogConfig: Setting CVar [[gc.AllowParallelGC:1]]
[2021.12.13-21.10.26:542][  0]LogConfig: Setting CVar [[gc.TimeBetweenPurgingPendingKillObjects:61.1]]
[2021.12.13-21.10.26:542][  0]LogConfig: Setting CVar [[gc.MaxObjectsInEditor:25165824]]
[2021.12.13-21.10.26:542][  0]LogConfig: Setting CVar [[gc.IncrementalBeginDestroyEnabled:1]]
[2021.12.13-21.10.26:542][  0]LogConfig: Setting CVar [[gc.CreateGCClusters:1]]
[2021.12.13-21.10.26:542][  0]LogConfig: Setting CVar [[gc.MinGCClusterSize:5]]
[2021.12.13-21.10.26:542][  0]LogConfig: Setting CVar [[gc.ActorClusteringEnabled:0]]
[2021.12.13-21.10.26:542][  0]LogConfig: Setting CVar [[gc.BlueprintClusteringEnabled:0]]
[2021.12.13-21.10.26:542][  0]LogConfig: Setting CVar [[gc.UseDisregardForGCOnDedicatedServers:0]]
[2021.12.13-21.10.26:542][  0]LogConfig: Setting CVar [[gc.MultithreadedDestructionEnabled:1]]
[2021.12.13-21.10.26:542][  0]LogConfig: Applying CVar settings from Section [/Script/Engine.NetworkSettings] File [C:/Users/inuya/Documents/GitHub/Unreal2D/Unreal2D/Saved/Config/Windows/Engine.ini]
[2021.12.13-21.10.26:542][  0]LogConfig: Applying CVar settings from Section [/Script/UnrealEd.CookerSettings] File [C:/Users/inuya/Documents/GitHub/Unreal2D/Unreal2D/Saved/Config/Windows/Engine.ini]
[2021.12.13-21.10.26:557][  0]LogConfig: Applying CVar settings from Section [ViewDistanceQuality@3] File [C:/Users/inuya/Documents/GitHub/Unreal2D/Unreal2D/Saved/Config/Windows/Scalability.ini]
[2021.12.13-21.10.26:557][  0]LogConfig: Setting CVar [[r.SkeletalMeshLODBias:0]]
[2021.12.13-21.10.26:557][  0]LogConfig: Setting CVar [[r.ViewDistanceScale:1.0]]
[2021.12.13-21.10.26:557][  0]LogConfig: Applying CVar settings from Section [AntiAliasingQuality@3] File [C:/Users/inuya/Documents/GitHub/Unreal2D/Unreal2D/Saved/Config/Windows/Scalability.ini]
[2021.12.13-21.10.26:557][  0]LogConfig: Setting CVar [[r.PostProcessAAQuality:4]]
[2021.12.13-21.10.26:557][  0]LogConfig: Applying CVar settings from Section [ShadowQuality@3] File [C:/Users/inuya/Documents/GitHub/Unreal2D/Unreal2D/Saved/Config/Windows/Scalability.ini]
[2021.12.13-21.10.26:557][  0]LogConfig: Setting CVar [[r.LightFunctionQuality:1]]
[2021.12.13-21.10.26:557][  0]LogConfig: Setting CVar [[r.ShadowQuality:5]]
[2021.12.13-21.10.26:557][  0]LogConfig: Setting CVar [[r.Shadow.CSM.MaxCascades:10]]
[2021.12.13-21.10.26:557][  0]LogConfig: Setting CVar [[r.Shadow.MaxResolution:2048]]
[2021.12.13-21.10.26:557][  0]LogConfig: Setting CVar [[r.Shadow.MaxCSMResolution:2048]]
[2021.12.13-21.10.26:557][  0]LogConfig: Setting CVar [[r.Shadow.RadiusThreshold:0.01]]
[2021.12.13-21.10.26:557][  0]LogConfig: Setting CVar [[r.Shadow.DistanceScale:1.0]]
[2021.12.13-21.10.26:557][  0]LogConfig: Setting CVar [[r.Shadow.CSM.TransitionScale:1.0]]
[2021.12.13-21.10.26:557][  0]LogConfig: Setting CVar [[r.Shadow.PreShadowResolutionFactor:1.0]]
[2021.12.13-21.10.26:557][  0]LogConfig: Setting CVar [[r.DistanceFieldShadowing:1]]
[2021.12.13-21.10.26:557][  0]LogConfig: Setting CVar [[r.DistanceFieldAO:1]]
[2021.12.13-21.10.26:557][  0]LogConfig: Setting CVar [[r.AOQuality:2]]
[2021.12.13-21.10.26:557][  0]LogConfig: Setting CVar [[r.VolumetricFog:1]]
[2021.12.13-21.10.26:557][  0]LogConfig: Setting CVar [[r.VolumetricFog.GridPixelSize:8]]
[2021.12.13-21.10.26:557][  0]LogConfig: Setting CVar [[r.VolumetricFog.GridSizeZ:128]]
[2021.12.13-21.10.26:557][  0]LogConfig: Setting CVar [[r.VolumetricFog.HistoryMissSupersampleCount:4]]
[2021.12.13-21.10.26:557][  0]LogConfig: Setting CVar [[r.LightMaxDrawDistanceScale:1]]
[2021.12.13-21.10.26:557][  0]LogConfig: Setting CVar [[r.CapsuleShadows:1]]
[2021.12.13-21.10.26:557][  0]LogConfig: Applying CVar settings from Section [PostProcessQuality@3] File [C:/Users/inuya/Documents/GitHub/Unreal2D/Unreal2D/Saved/Config/Windows/Scalability.ini]
[2021.12.13-21.10.26:557][  0]LogConfig: Setting CVar [[r.MotionBlurQuality:4]]
[2021.12.13-21.10.26:557][  0]LogConfig: Setting CVar [[r.AmbientOcclusionMipLevelFactor:0.4]]
[2021.12.13-21.10.26:557][  0]LogConfig: Setting CVar [[r.AmbientOcclusionMaxQuality:100]]
[2021.12.13-21.10.26:557][  0]LogConfig: Setting CVar [[r.AmbientOcclusionLevels:-1]]
[2021.12.13-21.10.26:557][  0]LogConfig: Setting CVar [[r.AmbientOcclusionRadiusScale:1.0]]
[2021.12.13-21.10.26:557][  0]LogConfig: Setting CVar [[r.DepthOfFieldQuality:2]]
[2021.12.13-21.10.26:557][  0]LogConfig: Setting CVar [[r.RenderTargetPoolMin:400]]
[2021.12.13-21.10.26:557][  0]LogConfig: Setting CVar [[r.LensFlareQuality:2]]
[2021.12.13-21.10.26:557][  0]LogConfig: Setting CVar [[r.SceneColorFringeQuality:1]]
[2021.12.13-21.10.26:557][  0]LogConfig: Setting CVar [[r.EyeAdaptationQuality:2]]
[2021.12.13-21.10.26:557][  0]LogConfig: Setting CVar [[r.BloomQuality:5]]
[2021.12.13-21.10.26:557][  0]LogConfig: Setting CVar [[r.FastBlurThreshold:100]]
[2021.12.13-21.10.26:557][  0]LogConfig: Setting CVar [[r.Upscale.Quality:3]]
[2021.12.13-21.10.26:557][  0]LogConfig: Setting CVar [[r.Tonemapper.GrainQuantization:1]]
[2021.12.13-21.10.26:557][  0]LogConfig: Setting CVar [[r.LightShaftQuality:1]]
[2021.12.13-21.10.26:557][  0]LogConfig: Setting CVar [[r.Filter.SizeScale:1]]
[2021.12.13-21.10.26:557][  0]LogConfig: Setting CVar [[r.Tonemapper.Quality:5]]
[2021.12.13-21.10.26:557][  0]LogConfig: Setting CVar [[r.DOF.Gather.AccumulatorQuality:1        ; higher gathering accumulator quality]]
[2021.12.13-21.10.26:557][  0]LogConfig: Setting CVar [[r.DOF.Gather.PostfilterMethod:1          ; Median3x3 postfilering method]]
[2021.12.13-21.10.26:557][  0]LogConfig: Setting CVar [[r.DOF.Gather.EnableBokehSettings:0       ; no bokeh simulation when gathering]]
[2021.12.13-21.10.26:557][  0]LogConfig: Setting CVar [[r.DOF.Gather.RingCount:4                 ; medium number of samples when gathering]]
[2021.12.13-21.10.26:557][  0]LogConfig: Setting CVar [[r.DOF.Scatter.ForegroundCompositing:1    ; additive foreground scattering]]
[2021.12.13-21.10.26:557][  0]LogConfig: Setting CVar [[r.DOF.Scatter.BackgroundCompositing:2    ; additive background scattering]]
[2021.12.13-21.10.26:557][  0]LogConfig: Setting CVar [[r.DOF.Scatter.EnableBokehSettings:1      ; bokeh simulation when scattering]]
[2021.12.13-21.10.26:557][  0]LogConfig: Setting CVar [[r.DOF.Scatter.MaxSpriteRatio:0.1         ; only a maximum of 10% of scattered bokeh]]
[2021.12.13-21.10.26:557][  0]LogConfig: Setting CVar [[r.DOF.Recombine.Quality:1                ; cheap slight out of focus]]
[2021.12.13-21.10.26:557][  0]LogConfig: Setting CVar [[r.DOF.Recombine.EnableBokehSettings:0    ; no bokeh simulation on slight out of focus]]
[2021.12.13-21.10.26:557][  0]LogConfig: Setting CVar [[r.DOF.TemporalAAQuality:1                ; more stable temporal accumulation]]
[2021.12.13-21.10.26:557][  0]LogConfig: Setting CVar [[r.DOF.Kernel.MaxForegroundRadius:0.025]]
[2021.12.13-21.10.26:557][  0]LogConfig: Setting CVar [[r.DOF.Kernel.MaxBackgroundRadius:0.025]]
[2021.12.13-21.10.26:557][  0]LogConfig: Applying CVar settings from Section [TextureQuality@3] File [C:/Users/inuya/Documents/GitHub/Unreal2D/Unreal2D/Saved/Config/Windows/Scalability.ini]
[2021.12.13-21.10.26:557][  0]LogConfig: Setting CVar [[r.Streaming.MipBias:0]]
[2021.12.13-21.10.26:557][  0]LogConfig: Setting CVar [[r.Streaming.AmortizeCPUToGPUCopy:0]]
[2021.12.13-21.10.26:557][  0]LogConfig: Setting CVar [[r.Streaming.MaxNumTexturesToStreamPerFrame:0]]
[2021.12.13-21.10.26:557][  0]LogConfig: Setting CVar [[r.Streaming.Boost:1]]
[2021.12.13-21.10.26:557][  0]LogConfig: Setting CVar [[r.MaxAnisotropy:8]]
[2021.12.13-21.10.26:557][  0]LogConfig: Setting CVar [[r.VT.MaxAnisotropy:8]]
[2021.12.13-21.10.26:557][  0]LogConfig: Setting CVar [[r.Streaming.LimitPoolSizeToVRAM:0]]
[2021.12.13-21.10.26:557][  0]LogConfig: Setting CVar [[r.Streaming.PoolSize:1000]]
[2021.12.13-21.10.26:557][  0]LogConfig: Setting CVar [[r.Streaming.MaxEffectiveScreenSize:0]]
[2021.12.13-21.10.26:557][  0]LogConfig: Applying CVar settings from Section [EffectsQuality@3] File [C:/Users/inuya/Documents/GitHub/Unreal2D/Unreal2D/Saved/Config/Windows/Scalability.ini]
[2021.12.13-21.10.26:557][  0]LogConfig: Setting CVar [[r.TranslucencyLightingVolumeDim:64]]
[2021.12.13-21.10.26:557][  0]LogConfig: Setting CVar [[r.RefractionQuality:2]]
[2021.12.13-21.10.26:557][  0]LogConfig: Setting CVar [[r.SSR.Quality:3]]
[2021.12.13-21.10.26:558][  0]LogConfig: Setting CVar [[r.SSR.HalfResSceneColor:0]]
[2021.12.13-21.10.26:558][  0]LogConfig: Setting CVar [[r.SceneColorFormat:4]]
[2021.12.13-21.10.26:558][  0]LogConfig: Setting CVar [[r.DetailMode:2]]
[2021.12.13-21.10.26:558][  0]LogConfig: Setting CVar [[r.TranslucencyVolumeBlur:1]]
[2021.12.13-21.10.26:558][  0]LogConfig: Setting CVar [[r.MaterialQualityLevel:1 ; High quality]]
[2021.12.13-21.10.26:558][  0]LogConfig: Setting CVar [[r.AnisotropicMaterials:1]]
[2021.12.13-21.10.26:558][  0]LogConfig: Setting CVar [[r.SSS.Scale:1]]
[2021.12.13-21.10.26:558][  0]LogConfig: Setting CVar [[r.SSS.SampleSet:2]]
[2021.12.13-21.10.26:558][  0]LogConfig: Setting CVar [[r.SSS.Quality:1]]
[2021.12.13-21.10.26:558][  0]LogConfig: Setting CVar [[r.SSS.HalfRes:0]]
[2021.12.13-21.10.26:558][  0]LogConfig: Setting CVar [[r.SSGI.Quality:3]]
[2021.12.13-21.10.26:558][  0]LogConfig: Setting CVar [[r.EmitterSpawnRateScale:1.0]]
[2021.12.13-21.10.26:558][  0]LogConfig: Setting CVar [[r.ParticleLightQuality:2]]
[2021.12.13-21.10.26:558][  0]LogConfig: Setting CVar [[r.SkyAtmosphere.AerialPerspectiveLUT.FastApplyOnOpaque:1 ; Always have FastSkyLUT 1 in this case to avoid wrong sky]]
[2021.12.13-21.10.26:558][  0]LogConfig: Setting CVar [[r.SkyAtmosphere.AerialPerspectiveLUT.SampleCountMaxPerSlice:4]]
[2021.12.13-21.10.26:558][  0]LogConfig: Setting CVar [[r.SkyAtmosphere.AerialPerspectiveLUT.DepthResolution:16.0]]
[2021.12.13-21.10.26:558][  0]LogConfig: Setting CVar [[r.SkyAtmosphere.FastSkyLUT:1]]
[2021.12.13-21.10.26:558][  0]LogConfig: Setting CVar [[r.SkyAtmosphere.FastSkyLUT.SampleCountMin:4.0]]
[2021.12.13-21.10.26:558][  0]LogConfig: Setting CVar [[r.SkyAtmosphere.FastSkyLUT.SampleCountMax:128.0]]
[2021.12.13-21.10.26:558][  0]LogConfig: Setting CVar [[r.SkyAtmosphere.SampleCountMin:4.0]]
[2021.12.13-21.10.26:558][  0]LogConfig: Setting CVar [[r.SkyAtmosphere.SampleCountMax:128.0]]
[2021.12.13-21.10.26:558][  0]LogConfig: Setting CVar [[r.SkyAtmosphere.TransmittanceLUT.UseSmallFormat:0]]
[2021.12.13-21.10.26:558][  0]LogConfig: Setting CVar [[r.SkyAtmosphere.TransmittanceLUT.SampleCount:10.0]]
[2021.12.13-21.10.26:558][  0]LogConfig: Setting CVar [[r.SkyAtmosphere.MultiScatteringLUT.SampleCount:15.0]]
[2021.12.13-21.10.26:558][  0]LogConfig: Setting CVar [[r.SkyLight.RealTimeReflectionCapture:1]]
[2021.12.13-21.10.26:558][  0]LogConfig: Applying CVar settings from Section [FoliageQuality@3] File [C:/Users/inuya/Documents/GitHub/Unreal2D/Unreal2D/Saved/Config/Windows/Scalability.ini]
[2021.12.13-21.10.26:558][  0]LogConfig: Setting CVar [[foliage.DensityScale:1.0]]
[2021.12.13-21.10.26:558][  0]LogConfig: Setting CVar [[grass.DensityScale:1.0]]
[2021.12.13-21.10.26:558][  0]LogConfig: Applying CVar settings from Section [ShadingQuality@3] File [C:/Users/inuya/Documents/GitHub/Unreal2D/Unreal2D/Saved/Config/Windows/Scalability.ini]
[2021.12.13-21.10.26:558][  0]LogConfig: Setting CVar [[r.HairStrands.SkyLighting.IntegrationType:2]]
[2021.12.13-21.10.26:558][  0]LogConfig: Setting CVar [[r.HairStrands.SkyAO.SampleCount:4]]
[2021.12.13-21.10.26:558][  0]LogConfig: Setting CVar [[r.HairStrands.Visibility.MSAA.SamplePerPixel:4]]
[2021.12.13-21.10.26:558][  0]LogInit: Selected Device Profile: [Windows]
[2021.12.13-21.10.26:558][  0]LogInit: Applying CVar settings loaded from the selected device profile: [Windows]
[2021.12.13-21.10.26:558][  0]LogHAL: Display: Platform has ~ 32 GB [34226507776 / 34359738368 / 32], which maps to Largest [LargestMinGB=32, LargerMinGB=12, DefaultMinGB=8, SmallerMinGB=6, SmallestMinGB=0)
[2021.12.13-21.10.26:558][  0]LogInit: Going up to parent DeviceProfile []
[2021.12.13-21.10.26:558][  0]LogConfig: Applying CVar settings from Section [ViewDistanceQuality@3] File [C:/Users/inuya/Documents/GitHub/Unreal2D/Unreal2D/Saved/Config/Windows/Scalability.ini]
[2021.12.13-21.10.26:558][  0]LogConfig: Setting CVar [[r.SkeletalMeshLODBias:0]]
[2021.12.13-21.10.26:558][  0]LogConfig: Setting CVar [[r.ViewDistanceScale:1.0]]
[2021.12.13-21.10.26:558][  0]LogConfig: Applying CVar settings from Section [AntiAliasingQuality@3] File [C:/Users/inuya/Documents/GitHub/Unreal2D/Unreal2D/Saved/Config/Windows/Scalability.ini]
[2021.12.13-21.10.26:558][  0]LogConfig: Setting CVar [[r.PostProcessAAQuality:4]]
[2021.12.13-21.10.26:558][  0]LogConfig: Applying CVar settings from Section [ShadowQuality@3] File [C:/Users/inuya/Documents/GitHub/Unreal2D/Unreal2D/Saved/Config/Windows/Scalability.ini]
[2021.12.13-21.10.26:558][  0]LogConfig: Setting CVar [[r.LightFunctionQuality:1]]
[2021.12.13-21.10.26:558][  0]LogConfig: Setting CVar [[r.ShadowQuality:5]]
[2021.12.13-21.10.26:558][  0]LogConfig: Setting CVar [[r.Shadow.CSM.MaxCascades:10]]
[2021.12.13-21.10.26:558][  0]LogConfig: Setting CVar [[r.Shadow.MaxResolution:2048]]
[2021.12.13-21.10.26:558][  0]LogConfig: Setting CVar [[r.Shadow.MaxCSMResolution:2048]]
[2021.12.13-21.10.26:558][  0]LogConfig: Setting CVar [[r.Shadow.RadiusThreshold:0.01]]
[2021.12.13-21.10.26:558][  0]LogConfig: Setting CVar [[r.Shadow.DistanceScale:1.0]]
[2021.12.13-21.10.26:558][  0]LogConfig: Setting CVar [[r.Shadow.CSM.TransitionScale:1.0]]
[2021.12.13-21.10.26:558][  0]LogConfig: Setting CVar [[r.Shadow.PreShadowResolutionFactor:1.0]]
[2021.12.13-21.10.26:558][  0]LogConfig: Setting CVar [[r.DistanceFieldShadowing:1]]
[2021.12.13-21.10.26:558][  0]LogConfig: Setting CVar [[r.DistanceFieldAO:1]]
[2021.12.13-21.10.26:558][  0]LogConfig: Setting CVar [[r.AOQuality:2]]
[2021.12.13-21.10.26:558][  0]LogConfig: Setting CVar [[r.VolumetricFog:1]]
[2021.12.13-21.10.26:558][  0]LogConfig: Setting CVar [[r.VolumetricFog.GridPixelSize:8]]
[2021.12.13-21.10.26:558][  0]LogConfig: Setting CVar [[r.VolumetricFog.GridSizeZ:128]]
[2021.12.13-21.10.26:558][  0]LogConfig: Setting CVar [[r.VolumetricFog.HistoryMissSupersampleCount:4]]
[2021.12.13-21.10.26:558][  0]LogConfig: Setting CVar [[r.LightMaxDrawDistanceScale:1]]
[2021.12.13-21.10.26:558][  0]LogConfig: Setting CVar [[r.CapsuleShadows:1]]
[2021.12.13-21.10.26:558][  0]LogConfig: Applying CVar settings from Section [PostProcessQuality@3] File [C:/Users/inuya/Documents/GitHub/Unreal2D/Unreal2D/Saved/Config/Windows/Scalability.ini]
[2021.12.13-21.10.26:558][  0]LogConfig: Setting CVar [[r.MotionBlurQuality:4]]
[2021.12.13-21.10.26:558][  0]LogConfig: Setting CVar [[r.AmbientOcclusionMipLevelFactor:0.4]]
[2021.12.13-21.10.26:558][  0]LogConfig: Setting CVar [[r.AmbientOcclusionMaxQuality:100]]
[2021.12.13-21.10.26:558][  0]LogConfig: Setting CVar [[r.AmbientOcclusionLevels:-1]]
[2021.12.13-21.10.26:558][  0]LogConfig: Setting CVar [[r.AmbientOcclusionRadiusScale:1.0]]
[2021.12.13-21.10.26:558][  0]LogConfig: Setting CVar [[r.DepthOfFieldQuality:2]]
[2021.12.13-21.10.26:558][  0]LogConfig: Setting CVar [[r.RenderTargetPoolMin:400]]
[2021.12.13-21.10.26:558][  0]LogConfig: Setting CVar [[r.LensFlareQuality:2]]
[2021.12.13-21.10.26:558][  0]LogConfig: Setting CVar [[r.SceneColorFringeQuality:1]]
[2021.12.13-21.10.26:558][  0]LogConfig: Setting CVar [[r.EyeAdaptationQuality:2]]
[2021.12.13-21.10.26:558][  0]LogConfig: Setting CVar [[r.BloomQuality:5]]
[2021.12.13-21.10.26:558][  0]LogConfig: Setting CVar [[r.FastBlurThreshold:100]]
[2021.12.13-21.10.26:559][  0]LogConfig: Setting CVar [[r.Upscale.Quality:3]]
[2021.12.13-21.10.26:559][  0]LogConfig: Setting CVar [[r.Tonemapper.GrainQuantization:1]]
[2021.12.13-21.10.26:559][  0]LogConfig: Setting CVar [[r.LightShaftQuality:1]]
[2021.12.13-21.10.26:559][  0]LogConfig: Setting CVar [[r.Filter.SizeScale:1]]
[2021.12.13-21.10.26:559][  0]LogConfig: Setting CVar [[r.Tonemapper.Quality:5]]
[2021.12.13-21.10.26:559][  0]LogConfig: Setting CVar [[r.DOF.Gather.AccumulatorQuality:1        ; higher gathering accumulator quality]]
[2021.12.13-21.10.26:559][  0]LogConfig: Setting CVar [[r.DOF.Gather.PostfilterMethod:1          ; Median3x3 postfilering method]]
[2021.12.13-21.10.26:559][  0]LogConfig: Setting CVar [[r.DOF.Gather.EnableBokehSettings:0       ; no bokeh simulation when gathering]]
[2021.12.13-21.10.26:559][  0]LogConfig: Setting CVar [[r.DOF.Gather.RingCount:4                 ; medium number of samples when gathering]]
[2021.12.13-21.10.26:559][  0]LogConfig: Setting CVar [[r.DOF.Scatter.ForegroundCompositing:1    ; additive foreground scattering]]
[2021.12.13-21.10.26:559][  0]LogConfig: Setting CVar [[r.DOF.Scatter.BackgroundCompositing:2    ; additive background scattering]]
[2021.12.13-21.10.26:559][  0]LogConfig: Setting CVar [[r.DOF.Scatter.EnableBokehSettings:1      ; bokeh simulation when scattering]]
[2021.12.13-21.10.26:559][  0]LogConfig: Setting CVar [[r.DOF.Scatter.MaxSpriteRatio:0.1         ; only a maximum of 10% of scattered bokeh]]
[2021.12.13-21.10.26:559][  0]LogConfig: Setting CVar [[r.DOF.Recombine.Quality:1                ; cheap slight out of focus]]
[2021.12.13-21.10.26:559][  0]LogConfig: Setting CVar [[r.DOF.Recombine.EnableBokehSettings:0    ; no bokeh simulation on slight out of focus]]
[2021.12.13-21.10.26:559][  0]LogConfig: Setting CVar [[r.DOF.TemporalAAQuality:1                ; more stable temporal accumulation]]
[2021.12.13-21.10.26:559][  0]LogConfig: Setting CVar [[r.DOF.Kernel.MaxForegroundRadius:0.025]]
[2021.12.13-21.10.26:559][  0]LogConfig: Setting CVar [[r.DOF.Kernel.MaxBackgroundRadius:0.025]]
[2021.12.13-21.10.26:559][  0]LogConfig: Applying CVar settings from Section [TextureQuality@3] File [C:/Users/inuya/Documents/GitHub/Unreal2D/Unreal2D/Saved/Config/Windows/Scalability.ini]
[2021.12.13-21.10.26:559][  0]LogConfig: Setting CVar [[r.Streaming.MipBias:0]]
[2021.12.13-21.10.26:559][  0]LogConfig: Setting CVar [[r.Streaming.AmortizeCPUToGPUCopy:0]]
[2021.12.13-21.10.26:559][  0]LogConfig: Setting CVar [[r.Streaming.MaxNumTexturesToStreamPerFrame:0]]
[2021.12.13-21.10.26:559][  0]LogConfig: Setting CVar [[r.Streaming.Boost:1]]
[2021.12.13-21.10.26:559][  0]LogConfig: Setting CVar [[r.MaxAnisotropy:8]]
[2021.12.13-21.10.26:559][  0]LogConfig: Setting CVar [[r.VT.MaxAnisotropy:8]]
[2021.12.13-21.10.26:559][  0]LogConfig: Setting CVar [[r.Streaming.LimitPoolSizeToVRAM:0]]
[2021.12.13-21.10.26:559][  0]LogConfig: Setting CVar [[r.Streaming.PoolSize:1000]]
[2021.12.13-21.10.26:559][  0]LogConfig: Setting CVar [[r.Streaming.MaxEffectiveScreenSize:0]]
[2021.12.13-21.10.26:559][  0]LogConfig: Applying CVar settings from Section [EffectsQuality@3] File [C:/Users/inuya/Documents/GitHub/Unreal2D/Unreal2D/Saved/Config/Windows/Scalability.ini]
[2021.12.13-21.10.26:559][  0]LogConfig: Setting CVar [[r.TranslucencyLightingVolumeDim:64]]
[2021.12.13-21.10.26:559][  0]LogConfig: Setting CVar [[r.RefractionQuality:2]]
[2021.12.13-21.10.26:559][  0]LogConfig: Setting CVar [[r.SSR.Quality:3]]
[2021.12.13-21.10.26:559][  0]LogConfig: Setting CVar [[r.SSR.HalfResSceneColor:0]]
[2021.12.13-21.10.26:559][  0]LogConfig: Setting CVar [[r.SceneColorFormat:4]]
[2021.12.13-21.10.26:559][  0]LogConfig: Setting CVar [[r.DetailMode:2]]
[2021.12.13-21.10.26:559][  0]LogConfig: Setting CVar [[r.TranslucencyVolumeBlur:1]]
[2021.12.13-21.10.26:559][  0]LogConfig: Setting CVar [[r.MaterialQualityLevel:1 ; High quality]]
[2021.12.13-21.10.26:559][  0]LogConfig: Setting CVar [[r.AnisotropicMaterials:1]]
[2021.12.13-21.10.26:559][  0]LogConfig: Setting CVar [[r.SSS.Scale:1]]
[2021.12.13-21.10.26:559][  0]LogConfig: Setting CVar [[r.SSS.SampleSet:2]]
[2021.12.13-21.10.26:559][  0]LogConfig: Setting CVar [[r.SSS.Quality:1]]
[2021.12.13-21.10.26:559][  0]LogConfig: Setting CVar [[r.SSS.HalfRes:0]]
[2021.12.13-21.10.26:559][  0]LogConfig: Setting CVar [[r.SSGI.Quality:3]]
[2021.12.13-21.10.26:559][  0]LogConfig: Setting CVar [[r.EmitterSpawnRateScale:1.0]]
[2021.12.13-21.10.26:559][  0]LogConfig: Setting CVar [[r.ParticleLightQuality:2]]
[2021.12.13-21.10.26:559][  0]LogConfig: Setting CVar [[r.SkyAtmosphere.AerialPerspectiveLUT.FastApplyOnOpaque:1 ; Always have FastSkyLUT 1 in this case to avoid wrong sky]]
[2021.12.13-21.10.26:559][  0]LogConfig: Setting CVar [[r.SkyAtmosphere.AerialPerspectiveLUT.SampleCountMaxPerSlice:4]]
[2021.12.13-21.10.26:559][  0]LogConfig: Setting CVar [[r.SkyAtmosphere.AerialPerspectiveLUT.DepthResolution:16.0]]
[2021.12.13-21.10.26:559][  0]LogConfig: Setting CVar [[r.SkyAtmosphere.FastSkyLUT:1]]
[2021.12.13-21.10.26:559][  0]LogConfig: Setting CVar [[r.SkyAtmosphere.FastSkyLUT.SampleCountMin:4.0]]
[2021.12.13-21.10.26:559][  0]LogConfig: Setting CVar [[r.SkyAtmosphere.FastSkyLUT.SampleCountMax:128.0]]
[2021.12.13-21.10.26:559][  0]LogConfig: Setting CVar [[r.SkyAtmosphere.SampleCountMin:4.0]]
[2021.12.13-21.10.26:559][  0]LogConfig: Setting CVar [[r.SkyAtmosphere.SampleCountMax:128.0]]
[2021.12.13-21.10.26:559][  0]LogConfig: Setting CVar [[r.SkyAtmosphere.TransmittanceLUT.UseSmallFormat:0]]
[2021.12.13-21.10.26:559][  0]LogConfig: Setting CVar [[r.SkyAtmosphere.TransmittanceLUT.SampleCount:10.0]]
[2021.12.13-21.10.26:559][  0]LogConfig: Setting CVar [[r.SkyAtmosphere.MultiScatteringLUT.SampleCount:15.0]]
[2021.12.13-21.10.26:559][  0]LogConfig: Setting CVar [[r.SkyLight.RealTimeReflectionCapture:1]]
[2021.12.13-21.10.26:559][  0]LogConfig: Applying CVar settings from Section [FoliageQuality@3] File [C:/Users/inuya/Documents/GitHub/Unreal2D/Unreal2D/Saved/Config/Windows/Scalability.ini]
[2021.12.13-21.10.26:559][  0]LogConfig: Setting CVar [[foliage.DensityScale:1.0]]
[2021.12.13-21.10.26:559][  0]LogConfig: Setting CVar [[grass.DensityScale:1.0]]
[2021.12.13-21.10.26:559][  0]LogConfig: Applying CVar settings from Section [ShadingQuality@3] File [C:/Users/inuya/Documents/GitHub/Unreal2D/Unreal2D/Saved/Config/Windows/Scalability.ini]
[2021.12.13-21.10.26:559][  0]LogConfig: Setting CVar [[r.HairStrands.SkyLighting.IntegrationType:2]]
[2021.12.13-21.10.26:559][  0]LogConfig: Setting CVar [[r.HairStrands.SkyAO.SampleCount:4]]
[2021.12.13-21.10.26:559][  0]LogConfig: Setting CVar [[r.HairStrands.Visibility.MSAA.SamplePerPixel:4]]
[2021.12.13-21.10.26:559][  0]LogConfig: Applying CVar settings from Section [Startup] File [../../../Engine/Config/ConsoleVariables.ini]
[2021.12.13-21.10.26:560][  0]LogConfig: Setting CVar [[net.UseAdaptiveNetUpdateFrequency:0]]
[2021.12.13-21.10.26:560][  0]LogConfig: Setting CVar [[p.chaos.AllowCreatePhysxBodies:1]]
[2021.12.13-21.10.26:560][  0]LogConfig: Setting CVar [[fx.SkipVectorVMBackendOptimizations:1]]
[2021.12.13-21.10.26:560][  0]LogConfig: Applying CVar settings from Section [ConsoleVariables] File [C:/Users/inuya/Documents/GitHub/Unreal2D/Unreal2D/Saved/Config/Windows/Engine.ini]
[2021.12.13-21.10.26:560][  0]LogConfig: Applying CVar settings from Section [ConsoleVariables] File [C:/Users/inuya/Documents/GitHub/Unreal2D/Unreal2D/Saved/Config/Windows/Editor.ini]
[2021.12.13-21.10.26:560][  0]LogInit: Computer: DESKTOP-11UN0F2
[2021.12.13-21.10.26:560][  0]LogInit: User: inuya
[2021.12.13-21.10.26:560][  0]LogInit: CPU Page size=4096, Cores=4
[2021.12.13-21.10.26:560][  0]LogInit: High frequency timer resolution =10.000000 MHz
[2021.12.13-21.10.26:560][  0]LogMemory: Memory total: Physical=31.9GB (32GB approx)
[2021.12.13-21.10.26:560][  0]LogMemory: Platform Memory Stats for Windows
[2021.12.13-21.10.26:560][  0]LogMemory: Process Physical Memory: 150.89 MB used, 150.89 MB peak
[2021.12.13-21.10.26:560][  0]LogMemory: Process Virtual Memory: 122.74 MB used, 122.74 MB peak
[2021.12.13-21.10.26:560][  0]LogMemory: Physical Memory: 8607.01 MB used,  24033.93 MB free, 32640.94 MB total
[2021.12.13-21.10.26:560][  0]LogMemory: Virtual Memory: 134191376.00 MB used,  26350.58 MB free, 134217728.00 MB total
[2021.12.13-21.10.26:808][  0]LogWindows: WindowsPlatformFeatures enabled
[2021.12.13-21.10.26:834][  0]LogInit: Physics initialised using underlying interface: PhysX
[2021.12.13-21.10.26:835][  0]LogInit: Using OS detected language (en-US).
[2021.12.13-21.10.26:835][  0]LogInit: Using OS detected locale (en-US).
[2021.12.13-21.10.26:842][  0]LogTextLocalizationManager: No specific localization for 'en-US' exists, so the 'en' localization will be used.
[2021.12.13-21.10.27:058][  0]LogInit: Setting process to per monitor DPI aware
[2021.12.13-21.10.27:075][  0]LogWindowsTextInputMethodSystem: Display: IME system deactivated.
[2021.12.13-21.10.27:097][  0]LogSlate: New Slate User Created.  User Index 0, Is Virtual User: 0
[2021.12.13-21.10.27:097][  0]LogSlate: Slate User Registered.  User Index 0, Is Virtual User: 0
[2021.12.13-21.10.27:261][  0]LogD3D11RHI: Loaded GFSDK_Aftermath_Lib.x64.dll
[2021.12.13-21.10.27:265][  0]LogHMD: Failed to initialize OpenVR with code 110
[2021.12.13-21.10.27:265][  0]LogD3D11RHI: D3D11 min allowed feature level: 11_0
[2021.12.13-21.10.27:265][  0]LogD3D11RHI: D3D11 max allowed feature level: 11_0
[2021.12.13-21.10.27:265][  0]LogD3D11RHI: D3D11 adapters:
[2021.12.13-21.10.27:350][  0]LogD3D11RHI:    0. 'NVIDIA GeForce GTX 1070' (Feature Level 11_0)
[2021.12.13-21.10.27:350][  0]LogD3D11RHI:       8081/0/16320 MB DedicatedVideo/DedicatedSystem/SharedSystem, Outputs:2, VendorId:0x10de
[2021.12.13-21.10.27:383][  0]LogD3D11RHI:    1. 'Intel(R) HD Graphics 630' (Feature Level 11_0)
[2021.12.13-21.10.27:383][  0]LogD3D11RHI:       128/0/16320 MB DedicatedVideo/DedicatedSystem/SharedSystem, Outputs:0, VendorId:0x8086
[2021.12.13-21.10.27:386][  0]LogD3D11RHI:    2. 'Microsoft Basic Render Driver' (Feature Level 11_0)
[2021.12.13-21.10.27:386][  0]LogD3D11RHI:       0/0/16320 MB DedicatedVideo/DedicatedSystem/SharedSystem, Outputs:0, VendorId:0x1414
[2021.12.13-21.10.27:386][  0]LogD3D11RHI: Chosen D3D11 Adapter:
[2021.12.13-21.10.27:386][  0]LogD3D11RHI:     Description : NVIDIA GeForce GTX 1070
[2021.12.13-21.10.27:386][  0]LogD3D11RHI:     VendorId    : 10de
[2021.12.13-21.10.27:386][  0]LogD3D11RHI:     DeviceId    : 1be1
[2021.12.13-21.10.27:386][  0]LogD3D11RHI:     SubSysId    : 7c01028
[2021.12.13-21.10.27:386][  0]LogD3D11RHI:     Revision    : 00a1
[2021.12.13-21.10.27:386][  0]LogD3D11RHI:     DedicatedVideoMemory : 8473542656 bytes
[2021.12.13-21.10.27:386][  0]LogD3D11RHI:     DedicatedSystemMemory : 0 bytes
[2021.12.13-21.10.27:386][  0]LogD3D11RHI:     SharedSystemMemory : 17113253888 bytes
[2021.12.13-21.10.27:386][  0]LogD3D11RHI:     AdapterLuid : 0 96817
[2021.12.13-21.10.27:392][  0]LogD3D11RHI: Creating new Direct3DDevice
[2021.12.13-21.10.27:392][  0]LogD3D11RHI:     GPU DeviceId: 0x1be1 (for the marketing name, search the web for "GPU Device Id")
[2021.12.13-21.10.27:392][  0]LogWindows: EnumDisplayDevices:
[2021.12.13-21.10.27:392][  0]LogWindows:    0. 'NVIDIA GeForce GTX 1070' (P:1 D:1)
[2021.12.13-21.10.27:393][  0]LogWindows:    1. 'NVIDIA GeForce GTX 1070' (P:0 D:1)
[2021.12.13-21.10.27:393][  0]LogWindows:    2. 'NVIDIA GeForce GTX 1070' (P:0 D:0)
[2021.12.13-21.10.27:393][  0]LogWindows:    3. 'NVIDIA GeForce GTX 1070' (P:0 D:0)
[2021.12.13-21.10.27:394][  0]LogWindows:    4. 'Intel(R) HD Graphics 630' (P:0 D:0)
[2021.12.13-21.10.27:394][  0]LogWindows:    5. 'Intel(R) HD Graphics 630' (P:0 D:0)
[2021.12.13-21.10.27:394][  0]LogWindows:    6. 'Intel(R) HD Graphics 630' (P:0 D:0)
[2021.12.13-21.10.27:394][  0]LogWindows: DebugString: PrimaryIsNotTheChoosenAdapter PrimaryIsNotTheChoosenAdapter PrimaryIsNotTheChoosenAdapter FoundDriverCount:4 
[2021.12.13-21.10.27:394][  0]LogD3D11RHI:     Adapter Name: NVIDIA GeForce GTX 1070
[2021.12.13-21.10.27:394][  0]LogD3D11RHI:   Driver Version: 431.53 (internal:26.21.14.3153, unified:431.53)
[2021.12.13-21.10.27:394][  0]LogD3D11RHI:      Driver Date: 7-12-2019
[2021.12.13-21.10.27:394][  0]LogRHI: Texture pool is 5656 MB (70% of 8081 MB)
[2021.12.13-21.10.27:394][  0]LogD3D11RHI: Creating D3DDevice using adapter:
[2021.12.13-21.10.27:394][  0]LogD3D11RHI:     Description : NVIDIA GeForce GTX 1070
[2021.12.13-21.10.27:394][  0]LogD3D11RHI:     VendorId    : 10de
[2021.12.13-21.10.27:394][  0]LogD3D11RHI:     DeviceId    : 1be1
[2021.12.13-21.10.27:394][  0]LogD3D11RHI:     SubSysId    : 7c01028
[2021.12.13-21.10.27:394][  0]LogD3D11RHI:     Revision    : 00a1
[2021.12.13-21.10.27:394][  0]LogD3D11RHI:     DedicatedVideoMemory : 8473542656 bytes
[2021.12.13-21.10.27:394][  0]LogD3D11RHI:     DedicatedSystemMemory : 0 bytes
[2021.12.13-21.10.27:394][  0]LogD3D11RHI:     SharedSystemMemory : 17113253888 bytes
[2021.12.13-21.10.27:394][  0]LogD3D11RHI:     AdapterLuid : 0 96817
[2021.12.13-21.10.27:444][  0]LogD3D11RHI: RHI has support for 64 bit atomics
[2021.12.13-21.10.27:444][  0]LogD3D11RHI: Async texture creation enabled
[2021.12.13-21.10.27:444][  0]LogD3D11RHI: Array index from any shader is supported
[2021.12.13-21.10.27:554][  0]LogD3D11RHI: GPU Timing Frequency: 1000.000000 (Debug: 2 1)
[2021.12.13-21.10.27:587][  0]LogRHI: GeForceNow SDK initialized: 1
[2021.12.13-21.10.27:994][  0]LogTargetPlatformManager: Display: Loaded TargetPlatform 'AllDesktop'
[2021.12.13-21.10.28:020][  0]LogTargetPlatformManager: Display: Loaded TargetPlatform 'Android'
[2021.12.13-21.10.28:020][  0]LogTargetPlatformManager: Display: Loaded TargetPlatform 'Android_ASTC'
[2021.12.13-21.10.28:020][  0]LogTargetPlatformManager: Display: Loaded TargetPlatform 'Android_DXT'
[2021.12.13-21.10.28:020][  0]LogTargetPlatformManager: Display: Loaded TargetPlatform 'Android_ETC2'
[2021.12.13-21.10.28:020][  0]LogTargetPlatformManager: Display: Loaded TargetPlatform 'AndroidClient'
[2021.12.13-21.10.28:020][  0]LogTargetPlatformManager: Display: Loaded TargetPlatform 'Android_ASTCClient'
[2021.12.13-21.10.28:020][  0]LogTargetPlatformManager: Display: Loaded TargetPlatform 'Android_DXTClient'
[2021.12.13-21.10.28:020][  0]LogTargetPlatformManager: Display: Loaded TargetPlatform 'Android_ETC2Client'
[2021.12.13-21.10.28:020][  0]LogTargetPlatformManager: Display: Loaded TargetPlatform 'Android_Multi'
[2021.12.13-21.10.28:020][  0]LogTargetPlatformManager: Display: Loaded TargetPlatform 'Android_MultiClient'
[2021.12.13-21.10.28:039][  0]LogTargetPlatformManager: Display: Loaded TargetPlatform 'IOSClient'
[2021.12.13-21.10.28:039][  0]LogTargetPlatformManager: Display: Loaded TargetPlatform 'IOS'
[2021.12.13-21.10.28:051][  0]LogTargetPlatformManager: Display: Loaded TargetPlatform 'Linux'
[2021.12.13-21.10.28:056][  0]LogTargetPlatformManager: Display: Loaded TargetPlatform 'LinuxNoEditor'
[2021.12.13-21.10.28:061][  0]LogTargetPlatformManager: Display: Loaded TargetPlatform 'LinuxClient'
[2021.12.13-21.10.28:065][  0]LogTargetPlatformManager: Display: Loaded TargetPlatform 'LinuxServer'
[2021.12.13-21.10.28:077][  0]LogTargetPlatformManager: Display: Loaded TargetPlatform 'LinuxAArch64NoEditor'
[2021.12.13-21.10.28:081][  0]LogTargetPlatformManager: Display: Loaded TargetPlatform 'LinuxAArch64Client'
[2021.12.13-21.10.28:085][  0]LogTargetPlatformManager: Display: Loaded TargetPlatform 'LinuxAArch64Server'
[2021.12.13-21.10.28:119][  0]LogTargetPlatformManager: Display: Loaded TargetPlatform 'Lumin'
[2021.12.13-21.10.28:119][  0]LogTargetPlatformManager: Display: Loaded TargetPlatform 'LuminClient'
[2021.12.13-21.10.28:132][  0]LogTargetPlatformManager: Display: Loaded TargetPlatform 'MacNoEditor'
[2021.12.13-21.10.28:137][  0]LogTargetPlatformManager: Display: Loaded TargetPlatform 'Mac'
[2021.12.13-21.10.28:141][  0]LogTargetPlatformManager: Display: Loaded TargetPlatform 'MacClient'
[2021.12.13-21.10.28:145][  0]LogTargetPlatformManager: Display: Loaded TargetPlatform 'MacServer'
[2021.12.13-21.10.28:158][  0]LogTargetPlatformManager: Display: Loaded TargetPlatform 'TVOSClient'
[2021.12.13-21.10.28:158][  0]LogTargetPlatformManager: Display: Loaded TargetPlatform 'TVOS'
[2021.12.13-21.10.28:170][  0]LogTargetPlatformManager: Display: Loaded TargetPlatform 'WindowsNoEditor'
[2021.12.13-21.10.28:174][  0]LogTargetPlatformManager: Display: Loaded TargetPlatform 'Windows'
[2021.12.13-21.10.28:179][  0]LogTargetPlatformManager: Display: Loaded TargetPlatform 'WindowsClient'
[2021.12.13-21.10.28:184][  0]LogTargetPlatformManager: Display: Loaded TargetPlatform 'WindowsServer'
[2021.12.13-21.10.28:184][  0]LogTargetPlatformManager: Display: Building Assets For Windows
[2021.12.13-21.10.28:192][  0]LogAudioDebug: Display: Lib vorbis DLL was dynamically loaded.
[2021.12.13-21.10.28:225][  0]LogTextureFormatOodle: Display: Oodle Texture 2.9.0 init RDO Off
[2021.12.13-21.10.28:255][  0]LogRendererCore: Ray tracing is disabled. Reason: r.RayTracing=0.
[2021.12.13-21.10.28:255][  0]LogShaderCompilers: Guid format shader working directory is -19 characters bigger than the processId version (../../../../../../Users/inuya/Documents/GitHub/Unreal2D/Unreal2D/Intermediate/Shaders/WorkingDirectory/12132/).
[2021.12.13-21.10.28:255][  0]LogShaderCompilers: Cleaned the shader compiler working directory 'C:/Users/inuya/AppData/Local/Temp/UnrealShaderWorkingDir/2DDD64034A15F8EB22FDF788EEC5ED7E/'.
[2021.12.13-21.10.28:255][  0]LogXGEController: Cannot use XGE Controller as Incredibuild is not installed on this machine.
[2021.12.13-21.10.28:255][  0]LogShaderCompilers: Cannot use XGE Shader Compiler as Incredibuild is not installed on this machine.
[2021.12.13-21.10.28:255][  0]LogShaderCompilers: Display: Using Local Shader Compiler.
[2021.12.13-21.10.29:094][  0]LogDerivedDataCache: Display: Max Cache Size: 512 MB
[2021.12.13-21.10.29:154][  0]LogDerivedDataCache: Loaded boot cache 0.06s 96MB C:/Users/inuya/AppData/Local/UnrealEngine/4.27/DerivedDataCache/Boot.ddc.
[2021.12.13-21.10.29:154][  0]LogDerivedDataCache: Display: Loaded Boot cache: C:/Users/inuya/AppData/Local/UnrealEngine/4.27/DerivedDataCache/Boot.ddc
[2021.12.13-21.10.29:154][  0]LogDerivedDataCache: FDerivedDataBackendGraph:  Pak pak cache file ../../../../../../Users/inuya/Documents/GitHub/Unreal2D/Unreal2D/DerivedDataCache/DDC.ddp not found, will not use a pak cache.
[2021.12.13-21.10.29:154][  0]LogDerivedDataCache: Unable to find inner node Pak for hierarchical cache Hierarchy.
[2021.12.13-21.10.29:154][  0]LogDerivedDataCache: FDerivedDataBackendGraph:  CompressedPak pak cache file ../../../../../../Users/inuya/Documents/GitHub/Unreal2D/Unreal2D/DerivedDataCache/Compressed.ddp not found, will not use a pak cache.
[2021.12.13-21.10.29:154][  0]LogDerivedDataCache: Unable to find inner node CompressedPak for hierarchical cache Hierarchy.
[2021.12.13-21.10.29:171][  0]LogDerivedDataCache: Display: Pak cache opened for reading ../../../Engine/DerivedDataCache/Compressed.ddp.
[2021.12.13-21.10.29:171][  0]LogDerivedDataCache: FDerivedDataBackendGraph:  EnterprisePak pak cache file ../../../Enterprise/DerivedDataCache/Compressed.ddp not found, will not use a pak cache.
[2021.12.13-21.10.29:171][  0]LogDerivedDataCache: Unable to find inner node EnterprisePak for hierarchical cache Hierarchy.
[2021.12.13-21.10.29:187][  0]LogDerivedDataCache: Speed tests for C:/Users/inuya/AppData/Local/UnrealEngine/Common/DerivedDataCache took 0.02 seconds
[2021.12.13-21.10.29:187][  0]LogDerivedDataCache: Display: Performance to C:/Users/inuya/AppData/Local/UnrealEngine/Common/DerivedDataCache: Latency=0.03ms. RandomReadSpeed=238.55MBs, RandomWriteSpeed=77.11MBs. Assigned SpeedClass 'Local'
[2021.12.13-21.10.29:188][  0]LogDerivedDataCache: Using Local data cache path C:/Users/inuya/AppData/Local/UnrealEngine/Common/DerivedDataCache: Writable
[2021.12.13-21.10.29:188][  0]LogDerivedDataCache: Shared data cache path not found in *engine.ini, will not use an Shared cache.
[2021.12.13-21.10.29:188][  0]LogDerivedDataCache: Unable to find inner node Shared for hierarchical cache Hierarchy.
[2021.12.13-21.10.29:240][  0]LogSlate: Using FreeType 2.10.0
[2021.12.13-21.10.29:241][  0]LogSlate: SlateFontServices - WITH_FREETYPE: 1, WITH_HARFBUZZ: 1
[2021.12.13-21.10.29:268][  0]LogAssetRegistry: FAssetRegistry took 0.0031 seconds to start up
[2021.12.13-21.10.29:605][  0]LogInit: Selected Device Profile: [Windows]
[2021.12.13-21.10.29:605][  0]LogInit: Active device profile: [00000254A07F9E00][00000254A12A9780 49] Windows
[2021.12.13-21.10.29:605][  0]LogInit: Profiles: [00000254A07F9E00][00000254A12A9780 49] Windows, [00000254A07A7800][00000254A12B1900 49] WindowsNoEditor, [00000254A07F9B00][00000254A12B5A80 49] WindowsServer, [00000254A07A4100][00000254A12B9C00 49] WindowsClient, [00000254A07F8200][00000254A12BC200 49] IOS, [00000254A07A7E00][00000254A12C0380 49] iPadAir, [00000254A07F9300][00000254A12C4500 49] iPadAir2, [00000254A0745300][00000254A12CC7C0 49] IPadPro, [00000254A0745400][00000254A12C8800 49] iPadAir3, [00000254A07FB800][00000254A12AC940 49] iPadAir4, [00000254A0746F00][00000254A12D0A80 49] iPadMini2, [00000254A07F8B00][00000254A12D4BC0 49] iPadMini3, [00000254A0745E00][00000254A12D8D00 49] iPadMini4, [00000254A07FAB00][00000254A12E0E80 49] iPadMini5, [00000254A077CC00][00000254A12F5140 49] iPhone6, [00000254A077CD00][00000254A12ED180 49] iPodTouch6, [00000254A07A7100][00000254A12FD440 49] iPhone7, [00000254A07A7200][00000254A12F9480 49] iPodTouch7, [00000254A077C300][00000254A1301600 49] iPhone5S, [00000254A0745900][00000254A1305780 49] iPhone6Plus, [00000254A07A7500][00000254A130D900 49] iPhone6S, [00000254A0747A00][00000254A1311A80 49] iPhone6SPlus, [00000254A07A6900][00000254A1329C00 49] iPhone7Plus, [00000254A0745100][00000254A132C200 49] iPhoneSE, [00000254A07A4500][00000254A1330380 49] iPhone8, [00000254A0746300][00000254A1334500 49] iPhone8Plus, [00000254A07A7A00][00000254A1338680 49] iPhoneX, [00000254A0747700][00000254A133C800 49] iPhoneXS, [00000254A07A6400][00000254A1340980 49] iPhoneXSMax, [00000254A0746A00][00000254A1344B00 49] iPhoneXR, [00000254A07A5B00][00000254A12DCC40 49] iPhone11, [00000254A0747600][00000254A1348D80 49] iPhone11Pro, [00000254A07A6F00][00000254A134CEC0 49] iPhone11ProMax, [00000254A0744300][00000254A1355040 49] iPhoneSE2, [00000254A07A6200][00000254A13591C0 49] iPhone12Mini, [00000254A0746900][00000254A135D340 49] iPhone12, [00000254A07A5A00][00000254A13714C0 49] iPhone12Pro, [00000254A0746200][00000254A1375640 49] iPhone12ProMax, [00000254A07A7300][00000254A13797C0 49] iPadPro105, [00000254A0745A00][00000254A137D940 49] iPadPro129, [00000254A07A6600][00000254A1381AC0 49] iPadPro97, [00000254A0745800][00000254A13840C0 49] iPadPro2_129, [00000254A07A5C00][00000254A1388240 49] iPad5, [00000254A0745600][00000254A138C3C0 49] iPad6, [00000254A07A7B00][00000254A1390540 49] iPad7, [00000254A0747F00][00000254A13946C0 49] iPad8, [00000254A07A5300][00000254A1398840 49] iPadPro11, [00000254A0744E00][00000254A139C9C0 49] iPadPro2_11, [00000254A07A6300][00000254A13A0B40 49] iPadPro3_129, [00000254A0747C00][00000254A13A4CC0 49] iPadPro4_129, [00000254A07A4E00][00000254A1350E00 49] AppleTV, [00000254A0744B00][00000254A13A8F40 49] AppleTV4K, [00000254A07A5F00][00000254A13AD080 49] TVOS, [00000254A0746600][00000254A13B11C0 49] Mac, [00000254A07A4D00][00000254A13B9340 49] MacClient, [00000254A0746400][00000254A13BD4C0 49] MacNoEditor, [00000254A07A4700][00000254A13C1640 49] MacServer, [00000254A0744A00][00000254A13D37C0 49] Linux, [00000254A07A4900][00000254A13D7940 49] LinuxAArch64, [00000254A0745700][00000254A13DBAC0 49] LinuxNoEditor, [00000254A07A6000][00000254A13DE0C0 49] LinuxAArch64NoEditor, [00000254A0744700][00000254A13E2240 49] LinuxClient, [00000254A07A7F00][00000254A14303C0 49] LinuxAArch64Client, [00000254A0746B00][00000254A1474540 49] LinuxServer, [00000254A07A4B00][00000254A14786C0 49] LinuxAArch64Server, [00000254A0744D00][00000254A147C840 49] Android, [00000254A07A4300][00000254A14809C0 49] Android_Low, [00000254A07FA900][00000254A1484B40 49] Android_Mid, [00000254A077F100][00000254A1488CC0 49] Android_High, [00000254A07F8C00][00000254A148CE40 49] Android_Default, [00000254A077E500][00000254A13B4F80 49] Android_Adreno4xx, [00000254A07FAA00][00000254A14910C0 49] Android_Adreno5xx_Low, [00000254A077EC00][00000254A1495200 49] Android_Adreno5xx, [00000254A07FB600][00000254A1499340 49] Android_Adreno6xx, [00000254A077DC00][00000254A14A14C0 49] Android_Adreno6xx_Vulkan, [00000254A07FB200][00000254A14A5640 49] Android_Mali_T6xx, [00000254A077F200][00000254A14B97C0 49] Android_Mali_T7xx, [00000254A07F8600][00000254A14BD940 49] Android_Mali_T8xx, [00000254A077E400][00000254A14C1AC0 49] Android_Mali_G71, [00000254A07FBA00][00000254A14C40C0 49] Android_Mali_G72, [00000254A077E600][00000254A14C8240 49] Android_Mali_G72_Vulkan, [00000254A07FBF00][00000254A14CC3C0 49] Android_Mali_G76, [00000254A077E100][00000254A14D0540 49] Android_Mali_G76_Vulkan, [00000254A07FA100][00000254A14D46C0 49] Android_Mali_G77, [00000254A077F500][00000254A14D8840 49] Android_Mali_G77_Vulkan, [00000254A07FAC00][00000254A14DC9C0 49] Android_Mali_G78, [00000254A077FF00][00000254A14E0B40 49] Android_Mali_G78_Vulkan, [00000254A07FB900][00000254A14E4CC0 49] Android_Mali_G710, [00000254A077FA00][00000254A14E8E40 49] Android_Mali_G710_Vulkan, [00000254A07FA400][00000254A14ECFC0 49] Android_Vulkan_SM5, [00000254A07A7400][00000254A14F1140 49] Android_PowerVR_G6xxx, [00000254A07FA600][00000254A149D280 49] Android_PowerVR_GT7xxx, [00000254A07A5200][00000254A14F93C0 49] Android_PowerVR_GE8xxx, [00000254A07F8400][00000254A157F500 49] Android_PowerVR_GM9xxx, [00000254A07A5500][00000254A1587680 49] Android_PowerVR_GM9xxx_Vulkan, [00000254A07F9900][00000254A158B800 49] Android_TegraK1, [00000254A07A7600][00000254A158F980 49] Android_Unknown_Vulkan, [00000254A07F9000][00000254A1593B00 49] Lumin, [00000254A07A7900][00000254A1596100 49] Lumin_Desktop, [00000254A07F8F00][00000254A159A280 49] HoloLens, 
[2021.12.13-21.10.29:812][  0]LogMeshReduction: Using QuadricMeshReduction for automatic static mesh reduction
[2021.12.13-21.10.29:812][  0]LogMeshReduction: Using SimplygonMeshReduction for automatic skeletal mesh reduction
[2021.12.13-21.10.29:812][  0]LogMeshReduction: Using ProxyLODMeshReduction for automatic mesh merging
[2021.12.13-21.10.29:812][  0]LogMeshReduction: No distributed automatic mesh merging module available
[2021.12.13-21.10.29:812][  0]LogMeshMerging: No distributed automatic mesh merging module available
[2021.12.13-21.10.29:829][  0]LogNetVersion: Unreal2D 1.0.0, NetCL: 17155196, EngineNetVer: 17, GameNetVer: 0 (Checksum: 2911152286)
[2021.12.13-21.10.30:370][  0]LogTexture: Default maximum texture size for cubemaps generated from long-lat sources has been changed from 512 to unlimited. In order to preserve old behaiour for '/Engine/MapTemplates/Sky/DaylightAmbientCubemap.DaylightAmbientCubemap', its maximum texture size has been explicitly set to 512.
[2021.12.13-21.10.30:447][  0]LogHMD: PokeAHoleMaterial loaded successfully
[2021.12.13-21.10.30:457][  0]LogUObjectArray: 17178 objects as part of root set at end of initial load.
[2021.12.13-21.10.30:457][  0]LogUObjectAllocator: 4302048 out of 0 bytes used by permanent object pool.
[2021.12.13-21.10.30:457][  0]LogUObjectArray: CloseDisregardForGC: 0/0 objects in disregard for GC pool
[2021.12.13-21.10.30:743][  0]LogNiagaraDebuggerClient: Niagara Debugger Client Initialized | Session: 57CE64194A6E8E037E3CF1AB6717E43E | Instance: 4E955D184A3D6F1B7BA8C183AD37F911 (DESKTOP-11UN0F2-12132).
[2021.12.13-21.10.30:887][  0]LogUdpMessaging: Initializing bridge on interface 0.0.0.0:0 to multicast group 230.0.0.1:6666.
[2021.12.13-21.10.30:892][  0]LogTcpMessaging: Initializing TcpMessaging bridge
[2021.12.13-21.10.30:902][  0]LogPython: Using Python 3.7.7
[2021.12.13-21.10.31:775][  0]SourceControl: Source control is disabled
[2021.12.13-21.10.31:775][  0]SourceControl: Source control is disabled
[2021.12.13-21.10.31:778][  0]SourceControl: Source control is disabled
[2021.12.13-21.10.31:780][  0]SourceControl: Source control is disabled
[2021.12.13-21.10.31:788][  0]SourceControl: Source control is disabled
[2021.12.13-21.10.31:795][  0]LogUProjectInfo: Found projects:
[2021.12.13-21.10.32:035][  0]LogOpenImageDenoise: OIDN starting up
[2021.12.13-21.10.32:047][  0]LogAndroidPermission: UAndroidPermissionCallbackProxy::GetInstance
[2021.12.13-21.10.32:071][  0]LogAudioCaptureCore: Display: No Audio Capture implementations found. Audio input will be silent.
[2021.12.13-21.10.32:071][  0]LogAudioCaptureCore: Display: No Audio Capture implementations found. Audio input will be silent.
[2021.12.13-21.10.32:209][  0]LogCollectionManager: Loaded 0 collections in 0.002494 seconds
[2021.12.13-21.10.32:242][  0]LogFileCache: Scanning file cache for directory 'C:/Users/inuya/Documents/GitHub/Unreal2D/Unreal2D/Saved/Collections/' took 0.00s
[2021.12.13-21.10.32:242][  0]LogFileCache: Scanning file cache for directory 'C:/Users/inuya/Documents/GitHub/Unreal2D/Unreal2D/Content/Developers/inuya/Collections/' took 0.00s
[2021.12.13-21.10.32:242][  0]LogFileCache: Scanning file cache for directory 'C:/Users/inuya/Documents/GitHub/Unreal2D/Unreal2D/Content/Collections/' took 0.00s
[2021.12.13-21.10.32:242][  0]LogOcInput: OculusInput pre-init called
[2021.12.13-21.10.32:516][  0]LogEngine: Initializing Engine...
[2021.12.13-21.10.32:612][  0]LogHMD: Optional extension XR_VARJO_quad_views is not available
[2021.12.13-21.10.32:612][  0]LogHMD: Warning: Required extension XR_EXT_eye_gaze_interaction is not available
[2021.12.13-21.10.32:613][  0]LogHMD: Could not enable all required OpenXR extensions for OpenXREyeTracker on current system. This plugin will be loaded but ignored, but will be enabled on a target platform that supports the required extension.
[2021.12.13-21.10.33:118][  0]LogHMD: Failed to get an OpenXR system, result is XR_ERROR_FORM_FACTOR_UNAVAILABLE. Please check that your runtime supports VR headsets.
[2021.12.13-21.10.33:118][  0]LogHMD: Failed to initialize OpenVR with code 110
[2021.12.13-21.10.33:118][  0]LogMagicLeap: Warning: VR disabled because ZI is not enabled.  To enable, in the editor, Edit -> Project Settings -> Plugins -> Magic Leap Plugin -> Enable Zero Iteration
[2021.12.13-21.10.33:119][  0]LogStats: UGameplayTagsManager::InitializeManager -  0.000 s
[2021.12.13-21.10.33:286][  0]LogInit: Initializing FReadOnlyCVARCache
[2021.12.13-21.10.33:295][  0]LogAIModule: Creating AISystem for world Untitled
[2021.12.13-21.10.33:310][  0]LogAudio: Display: Initializing Audio Device Manager...
[2021.12.13-21.10.33:314][  0]LogAudio: Display: Loading Default Audio Settings Objects...
[2021.12.13-21.10.33:314][  0]LogAudio: Display: No default SoundConcurrencyObject specified (or failed to load).
[2021.12.13-21.10.33:315][  0]LogAudio: Display: Audio Device Manager Initialized
[2021.12.13-21.10.33:315][  0]LogAudio: Display: Creating Audio Device:                 Id: 1, Scope: Shared, Realtime: True
[2021.12.13-21.10.33:315][  0]LogAudioMixer: Display: Audio Mixer Platform Settings:
[2021.12.13-21.10.33:315][  0]LogAudioMixer: Display: 	Sample Rate:						  48000
[2021.12.13-21.10.33:315][  0]LogAudioMixer: Display: 	Callback Buffer Frame Size Requested: 1024
[2021.12.13-21.10.33:315][  0]LogAudioMixer: Display: 	Callback Buffer Frame Size To Use:	  1024
[2021.12.13-21.10.33:315][  0]LogAudioMixer: Display: 	Number of buffers to queue:			  2
[2021.12.13-21.10.33:315][  0]LogAudioMixer: Display: 	Max Channels (voices):				  32
[2021.12.13-21.10.33:315][  0]LogAudioMixer: Display: 	Number of Async Source Workers:		  0
[2021.12.13-21.10.33:315][  0]LogAudio: Display: AudioDevice MaxSources: 32
[2021.12.13-21.10.33:315][  0]LogAudio: Display: Audio Spatialization Plugin: None (built-in).
[2021.12.13-21.10.33:315][  0]LogAudio: Display: Audio Reverb Plugin: None (built-in).
[2021.12.13-21.10.33:315][  0]LogAudio: Display: Audio Occlusion Plugin: None (built-in).
[2021.12.13-21.10.33:315][  0]LogAudioMixer: Display: Initializing audio mixer.
[2021.12.13-21.10.33:345][  0]LogAudioMixer: Display: 0: FrontLeft
[2021.12.13-21.10.33:345][  0]LogAudioMixer: Display: 1: FrontRight
[2021.12.13-21.10.33:364][  0]LogAudioMixer: Display: Using Audio Device Headphones (Epic Air Sport ANC Stereo)
[2021.12.13-21.10.33:366][  0]LogAudioMixer: Display: Initializing Sound Submixes...
[2021.12.13-21.10.33:367][  0]LogAudioMixer: Display: Creating Master Submix 'MasterSubmixDefault'
[2021.12.13-21.10.33:367][  0]LogAudioMixer: Display: Creating Master Submix 'MasterReverbSubmixDefault'
[2021.12.13-21.10.33:368][  0]LogAudioMixer: Display: Creating Master Submix 'MasterEQSubmixDefault'
[2021.12.13-21.10.33:368][  0]LogAudioMixer: FMixerPlatformXAudio2::StartAudioStream() called
[2021.12.13-21.10.33:368][  0]LogAudioMixer: Display: Output buffers initialized: Frames=1024, Channels=2, Samples=2048
[2021.12.13-21.10.33:369][  0]LogAudioMixer: Display: Starting AudioMixerPlatformInterface::RunInternal()
[2021.12.13-21.10.33:369][  0]LogAudioMixer: Display: FMixerPlatformXAudio2::SubmitBuffer() called for the first time
[2021.12.13-21.10.33:369][  0]LogInit: FAudioDevice initialized.
[2021.12.13-21.10.33:370][  0]LogAudio: Display: Audio Device (ID: 1) registered with world 'Untitled'.
[2021.12.13-21.10.33:370][  0]LogNetVersion: Set ProjectVersion to 1.0.0.0. Version Checksum will be recalculated on next use.
[2021.12.13-21.10.33:516][  0]LogDerivedDataCache: Saved boot cache 0.15s 96MB C:/Users/inuya/AppData/Local/UnrealEngine/4.27/DerivedDataCache/Boot.ddc.
[2021.12.13-21.10.33:517][  0]LogInit: Texture streaming: Enabled
[2021.12.13-21.10.33:530][  0]LogAnalytics: Display: [UEEditor.Rocket.Release] APIServer = https://datarouter.ol.epicgames.com/. AppVersion = 4.27.2-18319896+++UE4+Release-4.27
[2021.12.13-21.10.33:535][  0]LogEngineSessionManager: EngineSessionManager initialized
[2021.12.13-21.10.33:535][  0]LogEditorSessionSummary: Verbose: Initializing EditorSessionSummaryWriter for editor session tracking
[2021.12.13-21.10.33:538][  0]LogEditorSessionSummary: EditorSessionSummaryWriter initialized
[2021.12.13-21.10.33:568][  0]LogInit: Transaction tracking system initialized
[2021.12.13-21.10.33:592][  0]BlueprintLog: New page: Editor Load
[2021.12.13-21.10.33:660][  0]LocalizationService: Localization service is disabled
[2021.12.13-21.10.33:684][  0]TimingProfiler: Initialize
[2021.12.13-21.10.33:684][  0]TimingProfiler: OnSessionChanged
[2021.12.13-21.10.33:684][  0]LoadingProfiler: Initialize
[2021.12.13-21.10.33:684][  0]LoadingProfiler: OnSessionChanged
[2021.12.13-21.10.33:685][  0]NetworkingProfiler: Initialize
[2021.12.13-21.10.33:685][  0]NetworkingProfiler: OnSessionChanged
[2021.12.13-21.10.33:685][  0]MemoryProfiler: Initialize
[2021.12.13-21.10.33:685][  0]MemoryProfiler: OnSessionChanged
[2021.12.13-21.10.33:849][  0]LogCook: Display: CookSettings for Memory: MemoryMaxUsedVirtual 0MiB, MemoryMaxUsedPhysical 16384MiB, MemoryMinFreeVirtual 0MiB, MemoryMinFreePhysical 1024MiB
[2021.12.13-21.10.33:849][  0]LogCook: Display: Mobile HDR setting 0
[2021.12.13-21.10.34:049][  0]LogFileCache: Scanning file cache for directory 'C:/Users/inuya/Documents/GitHub/Unreal2D/Unreal2D/Content/' took 0.00s
[2021.12.13-21.10.34:258][  0]LogInit: Display: Engine is initialized. Leaving FEngineLoop::Init()
[2021.12.13-21.10.34:261][  0]SourceControl: Source control is disabled
[2021.12.13-21.10.34:261][  0]LogUnrealEdMisc: Loading editor; pre map load, took 9.638
[2021.12.13-21.10.34:261][  0]Cmd: MAP LOAD FILE="../../../../../../Users/inuya/Documents/GitHub/Unreal2D/Unreal2D/Content/2DSideScrollerBP/Maps/2DSideScrollerExampleMap.umap" TEMPLATE=0 SHOWPROGRESS=1 FEATURELEVEL=3
[2021.12.13-21.10.34:261][  0]LightingResults: New page: Lighting Build
[2021.12.13-21.10.34:262][  0]LogWorld: UWorld::CleanupWorld for Untitled, bSessionEnded=true, bCleanupResources=true
[2021.12.13-21.10.34:263][  0]LogSlate: InvalidateAllWidgets triggered.  All widgets were invalidated
[2021.12.13-21.10.34:263][  0]MapCheck: New page: Map Check
[2021.12.13-21.10.34:263][  0]LightingResults: New page: Lighting Build
[2021.12.13-21.10.34:267][  0]LogAudio: Display: Audio Device unregistered from world 'None'.
[2021.12.13-21.10.34:270][  0]LogUObjectHash: Compacting FUObjectHashTables data took   0.76ms
[2021.12.13-21.10.34:383][  0]LogTexture: Display: Building textures: Daco_4851762 (BGRA8, 930X367)
[2021.12.13-21.10.34:386][  0]LogAudio: Display: Audio Device (ID: 1) registered with world '2DSideScrollerExampleMap'.
[2021.12.13-21.10.34:387][  0]LogAIModule: Creating AISystem for world 2DSideScrollerExampleMap
[2021.12.13-21.10.34:403][  0]LogEditorServer: Finished looking for orphan Actors (0.000 secs)
[2021.12.13-21.10.34:412][  0]LogUObjectHash: Compacting FUObjectHashTables data took   0.81ms
[2021.12.13-21.10.34:413][  0]Cmd: MAP CHECKDEP NOCLEARLOG
[2021.12.13-21.10.34:413][  0]MapCheck: Map check complete: 0 Error(s), 0 Warning(s), took 0.204ms to complete.
[2021.12.13-21.10.34:413][  0]LogFileHelpers: Loading map '2DSideScrollerExampleMap' took 0.153
[2021.12.13-21.10.34:416][  0]LogUnrealEdMisc: Total Editor Startup Time, took 9.794
[2021.12.13-21.10.34:557][  0]LogSlate: Updating window title bar state: overlay mode, drag disabled, window buttons hidden, title bar hidden
[2021.12.13-21.10.34:565][  0]LogSlate: Updating window title bar state: overlay mode, drag disabled, window buttons hidden, title bar hidden
[2021.12.13-21.10.34:571][  0]LogSlate: Updating window title bar state: overlay mode, drag disabled, window buttons hidden, title bar hidden
[2021.12.13-21.10.34:578][  0]LogSlate: Updating window title bar state: overlay mode, drag disabled, window buttons hidden, title bar hidden
[2021.12.13-21.10.34:609][  0]LogNativeClassHierarchy: Verbose: Native class hierarchy populated in 0.0098 seconds. Added 3822 classes and 928 folders.
[2021.12.13-21.10.34:615][  0]LogNativeClassHierarchy: Verbose: Native class hierarchy updated for 'WidgetCarousel' in 0.0002 seconds. Added 0 classes and 0 folders.
[2021.12.13-21.10.34:626][  0]LogPakFile: PakFile PrimaryIndexSize=187
[2021.12.13-21.10.34:626][  0]LogPakFile: PakFile PathHashIndexSize=101
[2021.12.13-21.10.34:626][  0]LogPakFile: PakFile FullDirectoryIndexSize=148
[2021.12.13-21.10.34:626][  0]LogShaderLibrary: Display: ShaderCodeLibraryPakFileMountedCallback: PakFile 'C:/Program Files/Epic Games/UE_4.27/FeaturePacks/FP_FirstPerson.upack' (chunk index -1, root 'root:/') mounted
[2021.12.13-21.10.34:626][  0]LogShaderLibrary: Display: ShaderCodeLibraryPakFileMountedCallback: pending pak file info (ChunkID:-1 Root:root:/ File:C:/Program Files/Epic Games/UE_4.27/FeaturePacks/FP_FirstPerson.upack)
[2021.12.13-21.10.34:626][  0]LogPakFile: OnPakFileMounted2Time == 0.000059
[2021.12.13-21.10.34:635][  0]LogPakFile: PakFile PrimaryIndexSize=189
[2021.12.13-21.10.34:635][  0]LogPakFile: PakFile PathHashIndexSize=101
[2021.12.13-21.10.34:635][  0]LogPakFile: PakFile FullDirectoryIndexSize=152
[2021.12.13-21.10.34:635][  0]LogShaderLibrary: Display: ShaderCodeLibraryPakFileMountedCallback: PakFile 'C:/Program Files/Epic Games/UE_4.27/FeaturePacks/FP_FirstPersonBP.upack' (chunk index -1, root 'root:/') mounted
[2021.12.13-21.10.34:635][  0]LogShaderLibrary: Display: ShaderCodeLibraryPakFileMountedCallback: pending pak file info (ChunkID:-1 Root:root:/ File:C:/Program Files/Epic Games/UE_4.27/FeaturePacks/FP_FirstPersonBP.upack)
[2021.12.13-21.10.34:635][  0]LogPakFile: OnPakFileMounted2Time == 0.000053
[2021.12.13-21.10.34:641][  0]LogPakFile: PakFile PrimaryIndexSize=191
[2021.12.13-21.10.34:641][  0]LogPakFile: PakFile PathHashIndexSize=101
[2021.12.13-21.10.34:641][  0]LogPakFile: PakFile FullDirectoryIndexSize=160
[2021.12.13-21.10.34:641][  0]LogShaderLibrary: Display: ShaderCodeLibraryPakFileMountedCallback: PakFile 'C:/Program Files/Epic Games/UE_4.27/FeaturePacks/MobileStarterContent.upack' (chunk index -1, root 'root:/') mounted
[2021.12.13-21.10.34:641][  0]LogShaderLibrary: Display: ShaderCodeLibraryPakFileMountedCallback: pending pak file info (ChunkID:-1 Root:root:/ File:C:/Program Files/Epic Games/UE_4.27/FeaturePacks/MobileStarterContent.upack)
[2021.12.13-21.10.34:641][  0]LogPakFile: OnPakFileMounted2Time == 0.000045
[2021.12.13-21.10.34:647][  0]LogPakFile: PakFile PrimaryIndexSize=185
[2021.12.13-21.10.34:647][  0]LogPakFile: PakFile PathHashIndexSize=101
[2021.12.13-21.10.34:647][  0]LogPakFile: PakFile FullDirectoryIndexSize=148
[2021.12.13-21.10.34:647][  0]LogShaderLibrary: Display: ShaderCodeLibraryPakFileMountedCallback: PakFile 'C:/Program Files/Epic Games/UE_4.27/FeaturePacks/StarterContent.upack' (chunk index -1, root 'root:/') mounted
[2021.12.13-21.10.34:647][  0]LogShaderLibrary: Display: ShaderCodeLibraryPakFileMountedCallback: pending pak file info (ChunkID:-1 Root:root:/ File:C:/Program Files/Epic Games/UE_4.27/FeaturePacks/StarterContent.upack)
[2021.12.13-21.10.34:647][  0]LogPakFile: OnPakFileMounted2Time == 0.000085
[2021.12.13-21.10.34:653][  0]LogPakFile: PakFile PrimaryIndexSize=190
[2021.12.13-21.10.34:653][  0]LogPakFile: PakFile PathHashIndexSize=101
[2021.12.13-21.10.34:653][  0]LogPakFile: PakFile FullDirectoryIndexSize=154
[2021.12.13-21.10.34:653][  0]LogShaderLibrary: Display: ShaderCodeLibraryPakFileMountedCallback: PakFile 'C:/Program Files/Epic Games/UE_4.27/FeaturePacks/TP_2DSideScroller.upack' (chunk index -1, root 'root:/') mounted
[2021.12.13-21.10.34:653][  0]LogShaderLibrary: Display: ShaderCodeLibraryPakFileMountedCallback: pending pak file info (ChunkID:-1 Root:root:/ File:C:/Program Files/Epic Games/UE_4.27/FeaturePacks/TP_2DSideScroller.upack)
[2021.12.13-21.10.34:653][  0]LogPakFile: OnPakFileMounted2Time == 0.000043
[2021.12.13-21.10.34:659][  0]LogPakFile: PakFile PrimaryIndexSize=192
[2021.12.13-21.10.34:659][  0]LogPakFile: PakFile PathHashIndexSize=101
[2021.12.13-21.10.34:659][  0]LogPakFile: PakFile FullDirectoryIndexSize=158
[2021.12.13-21.10.34:659][  0]LogShaderLibrary: Display: ShaderCodeLibraryPakFileMountedCallback: PakFile 'C:/Program Files/Epic Games/UE_4.27/FeaturePacks/TP_2DSideScrollerBP.upack' (chunk index -1, root 'root:/') mounted
[2021.12.13-21.10.34:659][  0]LogShaderLibrary: Display: ShaderCodeLibraryPakFileMountedCallback: pending pak file info (ChunkID:-1 Root:root:/ File:C:/Program Files/Epic Games/UE_4.27/FeaturePacks/TP_2DSideScrollerBP.upack)
[2021.12.13-21.10.34:659][  0]LogPakFile: OnPakFileMounted2Time == 0.000050
[2021.12.13-21.10.34:665][  0]LogPakFile: PakFile PrimaryIndexSize=182
[2021.12.13-21.10.34:665][  0]LogPakFile: PakFile PathHashIndexSize=101
[2021.12.13-21.10.34:665][  0]LogPakFile: PakFile FullDirectoryIndexSize=138
[2021.12.13-21.10.34:665][  0]LogShaderLibrary: Display: ShaderCodeLibraryPakFileMountedCallback: PakFile 'C:/Program Files/Epic Games/UE_4.27/FeaturePacks/TP_Flying.upack' (chunk index -1, root 'root:/') mounted
[2021.12.13-21.10.34:665][  0]LogShaderLibrary: Display: ShaderCodeLibraryPakFileMountedCallback: pending pak file info (ChunkID:-1 Root:root:/ File:C:/Program Files/Epic Games/UE_4.27/FeaturePacks/TP_Flying.upack)
[2021.12.13-21.10.34:665][  0]LogPakFile: OnPakFileMounted2Time == 0.000047
[2021.12.13-21.10.34:672][  0]LogPakFile: PakFile PrimaryIndexSize=184
[2021.12.13-21.10.34:672][  0]LogPakFile: PakFile PathHashIndexSize=101
[2021.12.13-21.10.34:672][  0]LogPakFile: PakFile FullDirectoryIndexSize=142
[2021.12.13-21.10.34:672][  0]LogShaderLibrary: Display: ShaderCodeLibraryPakFileMountedCallback: PakFile 'C:/Program Files/Epic Games/UE_4.27/FeaturePacks/TP_FlyingBP.upack' (chunk index -1, root 'root:/') mounted
[2021.12.13-21.10.34:672][  0]LogShaderLibrary: Display: ShaderCodeLibraryPakFileMountedCallback: pending pak file info (ChunkID:-1 Root:root:/ File:C:/Program Files/Epic Games/UE_4.27/FeaturePacks/TP_FlyingBP.upack)
[2021.12.13-21.10.34:672][  0]LogPakFile: OnPakFileMounted2Time == 0.000076
[2021.12.13-21.10.34:677][  0]LogPakFile: PakFile PrimaryIndexSize=188
[2021.12.13-21.10.34:677][  0]LogPakFile: PakFile PathHashIndexSize=101
[2021.12.13-21.10.34:677][  0]LogPakFile: PakFile FullDirectoryIndexSize=150
[2021.12.13-21.10.34:677][  0]LogShaderLibrary: Display: ShaderCodeLibraryPakFileMountedCallback: PakFile 'C:/Program Files/Epic Games/UE_4.27/FeaturePacks/TP_HandheldARBP.upack' (chunk index -1, root 'root:/') mounted
[2021.12.13-21.10.34:677][  0]LogShaderLibrary: Display: ShaderCodeLibraryPakFileMountedCallback: pending pak file info (ChunkID:-1 Root:root:/ File:C:/Program Files/Epic Games/UE_4.27/FeaturePacks/TP_HandheldARBP.upack)
[2021.12.13-21.10.34:679][  0]LogPakFile: OnPakFileMounted2Time == 0.000050
[2021.12.13-21.10.34:685][  0]LogPakFile: PakFile PrimaryIndexSize=182
[2021.12.13-21.10.34:685][  0]LogPakFile: PakFile PathHashIndexSize=101
[2021.12.13-21.10.34:685][  0]LogPakFile: PakFile FullDirectoryIndexSize=138
[2021.12.13-21.10.34:685][  0]LogShaderLibrary: Display: ShaderCodeLibraryPakFileMountedCallback: PakFile 'C:/Program Files/Epic Games/UE_4.27/FeaturePacks/TP_Puzzle.upack' (chunk index -1, root 'root:/') mounted
[2021.12.13-21.10.34:685][  0]LogShaderLibrary: Display: ShaderCodeLibraryPakFileMountedCallback: pending pak file info (ChunkID:-1 Root:root:/ File:C:/Program Files/Epic Games/UE_4.27/FeaturePacks/TP_Puzzle.upack)
[2021.12.13-21.10.34:686][  0]LogPakFile: OnPakFileMounted2Time == 0.000045
[2021.12.13-21.10.34:692][  0]LogPakFile: PakFile PrimaryIndexSize=184
[2021.12.13-21.10.34:692][  0]LogPakFile: PakFile PathHashIndexSize=101
[2021.12.13-21.10.34:692][  0]LogPakFile: PakFile FullDirectoryIndexSize=142
[2021.12.13-21.10.34:692][  0]LogShaderLibrary: Display: ShaderCodeLibraryPakFileMountedCallback: PakFile 'C:/Program Files/Epic Games/UE_4.27/FeaturePacks/TP_PuzzleBP.upack' (chunk index -1, root 'root:/') mounted
[2021.12.13-21.10.34:692][  0]LogShaderLibrary: Display: ShaderCodeLibraryPakFileMountedCallback: pending pak file info (ChunkID:-1 Root:root:/ File:C:/Program Files/Epic Games/UE_4.27/FeaturePacks/TP_PuzzleBP.upack)
[2021.12.13-21.10.34:692][  0]LogPakFile: OnPakFileMounted2Time == 0.000044
[2021.12.13-21.10.34:700][  0]LogPakFile: PakFile PrimaryIndexSize=183
[2021.12.13-21.10.34:700][  0]LogPakFile: PakFile PathHashIndexSize=101
[2021.12.13-21.10.34:700][  0]LogPakFile: PakFile FullDirectoryIndexSize=140
[2021.12.13-21.10.34:700][  0]LogShaderLibrary: Display: ShaderCodeLibraryPakFileMountedCallback: PakFile 'C:/Program Files/Epic Games/UE_4.27/FeaturePacks/TP_Rolling.upack' (chunk index -1, root 'root:/') mounted
[2021.12.13-21.10.34:700][  0]LogShaderLibrary: Display: ShaderCodeLibraryPakFileMountedCallback: pending pak file info (ChunkID:-1 Root:root:/ File:C:/Program Files/Epic Games/UE_4.27/FeaturePacks/TP_Rolling.upack)
[2021.12.13-21.10.34:700][  0]LogPakFile: OnPakFileMounted2Time == 0.000045
[2021.12.13-21.10.34:706][  0]LogPakFile: PakFile PrimaryIndexSize=185
[2021.12.13-21.10.34:706][  0]LogPakFile: PakFile PathHashIndexSize=101
[2021.12.13-21.10.34:706][  0]LogPakFile: PakFile FullDirectoryIndexSize=144
[2021.12.13-21.10.34:706][  0]LogShaderLibrary: Display: ShaderCodeLibraryPakFileMountedCallback: PakFile 'C:/Program Files/Epic Games/UE_4.27/FeaturePacks/TP_RollingBP.upack' (chunk index -1, root 'root:/') mounted
[2021.12.13-21.10.34:706][  0]LogShaderLibrary: Display: ShaderCodeLibraryPakFileMountedCallback: pending pak file info (ChunkID:-1 Root:root:/ File:C:/Program Files/Epic Games/UE_4.27/FeaturePacks/TP_RollingBP.upack)
[2021.12.13-21.10.34:706][  0]LogPakFile: OnPakFileMounted2Time == 0.000046
[2021.12.13-21.10.34:712][  0]LogPakFile: PakFile PrimaryIndexSize=188
[2021.12.13-21.10.34:712][  0]LogPakFile: PakFile PathHashIndexSize=101
[2021.12.13-21.10.34:712][  0]LogPakFile: PakFile FullDirectoryIndexSize=150
[2021.12.13-21.10.34:712][  0]LogShaderLibrary: Display: ShaderCodeLibraryPakFileMountedCallback: PakFile 'C:/Program Files/Epic Games/UE_4.27/FeaturePacks/TP_SideScroller.upack' (chunk index -1, root 'root:/') mounted
[2021.12.13-21.10.34:712][  0]LogShaderLibrary: Display: ShaderCodeLibraryPakFileMountedCallback: pending pak file info (ChunkID:-1 Root:root:/ File:C:/Program Files/Epic Games/UE_4.27/FeaturePacks/TP_SideScroller.upack)
[2021.12.13-21.10.34:712][  0]LogPakFile: OnPakFileMounted2Time == 0.000053
[2021.12.13-21.10.34:718][  0]LogPakFile: PakFile PrimaryIndexSize=190
[2021.12.13-21.10.34:718][  0]LogPakFile: PakFile PathHashIndexSize=101
[2021.12.13-21.10.34:718][  0]LogPakFile: PakFile FullDirectoryIndexSize=154
[2021.12.13-21.10.34:718][  0]LogShaderLibrary: Display: ShaderCodeLibraryPakFileMountedCallback: PakFile 'C:/Program Files/Epic Games/UE_4.27/FeaturePacks/TP_SideScrollerBP.upack' (chunk index -1, root 'root:/') mounted
[2021.12.13-21.10.34:718][  0]LogShaderLibrary: Display: ShaderCodeLibraryPakFileMountedCallback: pending pak file info (ChunkID:-1 Root:root:/ File:C:/Program Files/Epic Games/UE_4.27/FeaturePacks/TP_SideScrollerBP.upack)
[2021.12.13-21.10.34:718][  0]LogPakFile: OnPakFileMounted2Time == 0.000050
[2021.12.13-21.10.34:725][  0]LogPakFile: PakFile PrimaryIndexSize=187
[2021.12.13-21.10.34:725][  0]LogPakFile: PakFile PathHashIndexSize=101
[2021.12.13-21.10.34:725][  0]LogPakFile: PakFile FullDirectoryIndexSize=148
[2021.12.13-21.10.34:725][  0]LogShaderLibrary: Display: ShaderCodeLibraryPakFileMountedCallback: PakFile 'C:/Program Files/Epic Games/UE_4.27/FeaturePacks/TP_ThirdPerson.upack' (chunk index -1, root 'root:/') mounted
[2021.12.13-21.10.34:725][  0]LogShaderLibrary: Display: ShaderCodeLibraryPakFileMountedCallback: pending pak file info (ChunkID:-1 Root:root:/ File:C:/Program Files/Epic Games/UE_4.27/FeaturePacks/TP_ThirdPerson.upack)
[2021.12.13-21.10.34:725][  0]LogPakFile: OnPakFileMounted2Time == 0.000046
[2021.12.13-21.10.34:732][  0]LogPakFile: PakFile PrimaryIndexSize=189
[2021.12.13-21.10.34:732][  0]LogPakFile: PakFile PathHashIndexSize=101
[2021.12.13-21.10.34:732][  0]LogPakFile: PakFile FullDirectoryIndexSize=152
[2021.12.13-21.10.34:732][  0]LogShaderLibrary: Display: ShaderCodeLibraryPakFileMountedCallback: PakFile 'C:/Program Files/Epic Games/UE_4.27/FeaturePacks/TP_ThirdPersonBP.upack' (chunk index -1, root 'root:/') mounted
[2021.12.13-21.10.34:732][  0]LogShaderLibrary: Display: ShaderCodeLibraryPakFileMountedCallback: pending pak file info (ChunkID:-1 Root:root:/ File:C:/Program Files/Epic Games/UE_4.27/FeaturePacks/TP_ThirdPersonBP.upack)
[2021.12.13-21.10.34:732][  0]LogPakFile: OnPakFileMounted2Time == 0.000043
[2021.12.13-21.10.34:739][  0]LogPakFile: PakFile PrimaryIndexSize=183
[2021.12.13-21.10.34:739][  0]LogPakFile: PakFile PathHashIndexSize=101
[2021.12.13-21.10.34:739][  0]LogPakFile: PakFile FullDirectoryIndexSize=140
[2021.12.13-21.10.34:739][  0]LogShaderLibrary: Display: ShaderCodeLibraryPakFileMountedCallback: PakFile 'C:/Program Files/Epic Games/UE_4.27/FeaturePacks/TP_TopDown.upack' (chunk index -1, root 'root:/') mounted
[2021.12.13-21.10.34:739][  0]LogShaderLibrary: Display: ShaderCodeLibraryPakFileMountedCallback: pending pak file info (ChunkID:-1 Root:root:/ File:C:/Program Files/Epic Games/UE_4.27/FeaturePacks/TP_TopDown.upack)
[2021.12.13-21.10.34:739][  0]LogPakFile: OnPakFileMounted2Time == 0.000055
[2021.12.13-21.10.34:746][  0]LogPakFile: PakFile PrimaryIndexSize=185
[2021.12.13-21.10.34:746][  0]LogPakFile: PakFile PathHashIndexSize=101
[2021.12.13-21.10.34:746][  0]LogPakFile: PakFile FullDirectoryIndexSize=144
[2021.12.13-21.10.34:746][  0]LogShaderLibrary: Display: ShaderCodeLibraryPakFileMountedCallback: PakFile 'C:/Program Files/Epic Games/UE_4.27/FeaturePacks/TP_TopDownBP.upack' (chunk index -1, root 'root:/') mounted
[2021.12.13-21.10.34:746][  0]LogShaderLibrary: Display: ShaderCodeLibraryPakFileMountedCallback: pending pak file info (ChunkID:-1 Root:root:/ File:C:/Program Files/Epic Games/UE_4.27/FeaturePacks/TP_TopDownBP.upack)
[2021.12.13-21.10.34:746][  0]LogPakFile: OnPakFileMounted2Time == 0.000043
[2021.12.13-21.10.34:754][  0]LogPakFile: PakFile PrimaryIndexSize=185
[2021.12.13-21.10.34:754][  0]LogPakFile: PakFile PathHashIndexSize=101
[2021.12.13-21.10.34:754][  0]LogPakFile: PakFile FullDirectoryIndexSize=144
[2021.12.13-21.10.34:754][  0]LogShaderLibrary: Display: ShaderCodeLibraryPakFileMountedCallback: PakFile 'C:/Program Files/Epic Games/UE_4.27/FeaturePacks/TP_TwinStick.upack' (chunk index -1, root 'root:/') mounted
[2021.12.13-21.10.34:754][  0]LogShaderLibrary: Display: ShaderCodeLibraryPakFileMountedCallback: pending pak file info (ChunkID:-1 Root:root:/ File:C:/Program Files/Epic Games/UE_4.27/FeaturePacks/TP_TwinStick.upack)
[2021.12.13-21.10.34:754][  0]LogPakFile: OnPakFileMounted2Time == 0.000045
[2021.12.13-21.10.34:760][  0]LogPakFile: PakFile PrimaryIndexSize=187
[2021.12.13-21.10.34:760][  0]LogPakFile: PakFile PathHashIndexSize=101
[2021.12.13-21.10.34:760][  0]LogPakFile: PakFile FullDirectoryIndexSize=148
[2021.12.13-21.10.34:760][  0]LogShaderLibrary: Display: ShaderCodeLibraryPakFileMountedCallback: PakFile 'C:/Program Files/Epic Games/UE_4.27/FeaturePacks/TP_TwinStickBP.upack' (chunk index -1, root 'root:/') mounted
[2021.12.13-21.10.34:760][  0]LogShaderLibrary: Display: ShaderCodeLibraryPakFileMountedCallback: pending pak file info (ChunkID:-1 Root:root:/ File:C:/Program Files/Epic Games/UE_4.27/FeaturePacks/TP_TwinStickBP.upack)
[2021.12.13-21.10.34:760][  0]LogPakFile: OnPakFileMounted2Time == 0.000045
[2021.12.13-21.10.34:766][  0]LogPakFile: PakFile PrimaryIndexSize=183
[2021.12.13-21.10.34:766][  0]LogPakFile: PakFile PathHashIndexSize=101
[2021.12.13-21.10.34:766][  0]LogPakFile: PakFile FullDirectoryIndexSize=140
[2021.12.13-21.10.34:766][  0]LogShaderLibrary: Display: ShaderCodeLibraryPakFileMountedCallback: PakFile 'C:/Program Files/Epic Games/UE_4.27/FeaturePacks/TP_Vehicle.upack' (chunk index -1, root 'root:/') mounted
[2021.12.13-21.10.34:766][  0]LogShaderLibrary: Display: ShaderCodeLibraryPakFileMountedCallback: pending pak file info (ChunkID:-1 Root:root:/ File:C:/Program Files/Epic Games/UE_4.27/FeaturePacks/TP_Vehicle.upack)
[2021.12.13-21.10.34:766][  0]LogPakFile: OnPakFileMounted2Time == 0.000051
[2021.12.13-21.10.34:771][  0]LogPakFile: PakFile PrimaryIndexSize=186
[2021.12.13-21.10.34:771][  0]LogPakFile: PakFile PathHashIndexSize=101
[2021.12.13-21.10.34:771][  0]LogPakFile: PakFile FullDirectoryIndexSize=146
[2021.12.13-21.10.34:771][  0]LogShaderLibrary: Display: ShaderCodeLibraryPakFileMountedCallback: PakFile 'C:/Program Files/Epic Games/UE_4.27/FeaturePacks/TP_VehicleAdv.upack' (chunk index -1, root 'root:/') mounted
[2021.12.13-21.10.34:771][  0]LogShaderLibrary: Display: ShaderCodeLibraryPakFileMountedCallback: pending pak file info (ChunkID:-1 Root:root:/ File:C:/Program Files/Epic Games/UE_4.27/FeaturePacks/TP_VehicleAdv.upack)
[2021.12.13-21.10.34:771][  0]LogPakFile: OnPakFileMounted2Time == 0.000079
[2021.12.13-21.10.34:778][  0]LogPakFile: PakFile PrimaryIndexSize=188
[2021.12.13-21.10.34:778][  0]LogPakFile: PakFile PathHashIndexSize=101
[2021.12.13-21.10.34:778][  0]LogPakFile: PakFile FullDirectoryIndexSize=150
[2021.12.13-21.10.34:778][  0]LogShaderLibrary: Display: ShaderCodeLibraryPakFileMountedCallback: PakFile 'C:/Program Files/Epic Games/UE_4.27/FeaturePacks/TP_VehicleAdvBP.upack' (chunk index -1, root 'root:/') mounted
[2021.12.13-21.10.34:778][  0]LogShaderLibrary: Display: ShaderCodeLibraryPakFileMountedCallback: pending pak file info (ChunkID:-1 Root:root:/ File:C:/Program Files/Epic Games/UE_4.27/FeaturePacks/TP_VehicleAdvBP.upack)
[2021.12.13-21.10.34:778][  0]LogPakFile: OnPakFileMounted2Time == 0.000054
[2021.12.13-21.10.34:784][  0]LogPakFile: PakFile PrimaryIndexSize=185
[2021.12.13-21.10.34:784][  0]LogPakFile: PakFile PathHashIndexSize=101
[2021.12.13-21.10.34:784][  0]LogPakFile: PakFile FullDirectoryIndexSize=144
[2021.12.13-21.10.34:784][  0]LogShaderLibrary: Display: ShaderCodeLibraryPakFileMountedCallback: PakFile 'C:/Program Files/Epic Games/UE_4.27/FeaturePacks/TP_VehicleBP.upack' (chunk index -1, root 'root:/') mounted
[2021.12.13-21.10.34:784][  0]LogShaderLibrary: Display: ShaderCodeLibraryPakFileMountedCallback: pending pak file info (ChunkID:-1 Root:root:/ File:C:/Program Files/Epic Games/UE_4.27/FeaturePacks/TP_VehicleBP.upack)
[2021.12.13-21.10.34:784][  0]LogPakFile: OnPakFileMounted2Time == 0.000043
[2021.12.13-21.10.34:790][  0]LogPakFile: PakFile PrimaryIndexSize=192
[2021.12.13-21.10.34:790][  0]LogPakFile: PakFile PathHashIndexSize=101
[2021.12.13-21.10.34:790][  0]LogPakFile: PakFile FullDirectoryIndexSize=158
[2021.12.13-21.10.34:790][  0]LogShaderLibrary: Display: ShaderCodeLibraryPakFileMountedCallback: PakFile 'C:/Program Files/Epic Games/UE_4.27/FeaturePacks/TP_VirtualRealityBP.upack' (chunk index -1, root 'root:/') mounted
[2021.12.13-21.10.34:790][  0]LogShaderLibrary: Display: ShaderCodeLibraryPakFileMountedCallback: pending pak file info (ChunkID:-1 Root:root:/ File:C:/Program Files/Epic Games/UE_4.27/FeaturePacks/TP_VirtualRealityBP.upack)
[2021.12.13-21.10.34:790][  0]LogPakFile: OnPakFileMounted2Time == 0.000044
[2021.12.13-21.10.35:012][  0]LogNativeClassHierarchy: Verbose: Native class hierarchy updated for 'AddContentDialog' in 0.0003 seconds. Added 0 classes and 0 folders.
[2021.12.13-21.10.35:018][  0]LogNativeClassHierarchy: Verbose: Native class hierarchy updated for 'SceneOutliner' in 0.0003 seconds. Added 2 classes and 0 folders.
[2021.12.13-21.10.35:079][  0]LogSlate: Took 0.000312 seconds to synchronously load lazily loaded font '../../../Engine/Content/Slate/Fonts/Roboto-Regular.ttf' (155K)
[2021.12.13-21.10.35:088][  0]LogSlate: Took 0.006621 seconds to synchronously load lazily loaded font '../../../Engine/Content/Editor/Slate/Fonts/FontAwesome.ttf' (139K)
[2021.12.13-21.10.35:089][  0]LogSlate: Took 0.000199 seconds to synchronously load lazily loaded font '../../../Engine/Content/Slate/Fonts/Roboto-Bold.ttf' (160K)
[2021.12.13-21.10.35:243][  0]LogRenderer: Reallocating scene render targets to support 904x460 Format 10 NumSamples 1 (Frame:1).
[2021.12.13-21.10.35:375][  0]LogNativeClassHierarchy: Verbose: Native class hierarchy updated for 'HierarchicalLODOutliner' in 0.0002 seconds. Added 0 classes and 0 folders.
[2021.12.13-21.10.35:375][  0]LogLoad: (Engine Initialization) Total time: 10.75 seconds
[2021.12.13-21.10.35:375][  0]LogLoad: (Engine Initialization) Total Blueprint compile time: 0.00 seconds
[2021.12.13-21.10.35:448][  0]LogAssetRegistry: Asset discovery search completed in 6.1806 seconds
[2021.12.13-21.10.35:454][  0]LogCollectionManager: Fixed up redirectors for 0 collections in 0.000003 seconds (updated 0 objects)
[2021.12.13-21.10.35:455][  0]LogContentStreaming: Texture pool size now 1000 MB
[2021.12.13-21.10.35:526][  2]LogSlate: Took 0.005842 seconds to synchronously load lazily loaded font '../../../Engine/Content/Slate/Fonts/Roboto-Light.ttf' (167K)
[2021.12.13-21.10.44:680][551]LogSlate: Took 0.005067 seconds to synchronously load lazily loaded font '../../../Engine/Content/Slate/Fonts/Roboto-Italic.ttf' (157K)
[2021.12.13-21.10.50:339][886]LogRenderer: Reallocating scene render targets to support 916x460 Format 10 NumSamples 1 (Frame:883).
[2021.12.13-21.10.50:380][886]LogRenderer: Reallocating scene render targets to support 1148x572 Format 10 NumSamples 1 (Frame:884).
[2021.12.13-21.10.50:408][887]LogRenderer: Reallocating scene render targets to support 1148x600 Format 10 NumSamples 1 (Frame:885).
[2021.12.13-21.12.25:401][900]LogSlate: Took 0.000125 seconds to synchronously load lazily loaded font '../../../Engine/Content/Slate/Fonts/Roboto-Light.ttf' (167K)
[2021.12.13-21.12.25:418][900]LogFactory: FactoryCreateFile: Texture with ReimportTextureFactory (0 0 ../../../../../../Users/inuya/Documents/BSU/GIMM 400/Unreal Minigame/Level 1/LV1_BG.png)
[2021.12.13-21.12.25:431][900]LogTexture: Display: Building textures: LV1_BG (OODLE_AutoDXT, 1280X720)
[2021.12.13-21.12.25:463][900]LogTextureFormatOodle: Display: non-RDO encode 1280 x 720 x 1 to format OODLE_AutoDXT (Oodle OodleTex_BC1_WithTransparency) lambda=0 effort=20 
[2021.12.13-21.13.12:676][723]LogContentBrowser: Deferred new asset folder creation: NewFolder
[2021.12.13-21.13.12:686][723]LogContentBrowser: Creating deferred item: NewFolder
[2021.12.13-21.13.17:140][991]LogContentBrowser: Attempting asset rename: NewFolder -> Level1Sprites
[2021.12.13-21.13.17:141][991]LogContentBrowser: End creating deferred item NewFolder
[2021.12.13-21.13.34:158][440]LogFactory: FactoryCreateFile: Texture with ReimportTextureFactory (0 0 ../../../../../../Users/inuya/Documents/BSU/GIMM 400/Unreal Minigame/Level 1/LV1_1.png)
[2021.12.13-21.13.34:168][440]LogTexture: Display: Building textures: LV1_1 (BGRA8, 1280X535)
[2021.12.13-21.13.34:198][440]LogFactory: FactoryCreateFile: Texture with ReimportTextureFactory (0 0 ../../../../../../Users/inuya/Documents/BSU/GIMM 400/Unreal Minigame/Level 1/LV1_2.png)
[2021.12.13-21.13.34:199][440]LogTexture: Display: Building textures: LV1_2 (BGRA8, 138X192)
[2021.12.13-21.13.34:215][440]LogFactory: FactoryCreateFile: Texture with ReimportTextureFactory (0 0 ../../../../../../Users/inuya/Documents/BSU/GIMM 400/Unreal Minigame/Level 1/LV1_3.png)
[2021.12.13-21.13.34:216][440]LogTexture: Display: Building textures: LV1_3 (BGRA8, 178X340)
[2021.12.13-21.13.34:234][440]LogFactory: FactoryCreateFile: Texture with ReimportTextureFactory (0 0 ../../../../../../Users/inuya/Documents/BSU/GIMM 400/Unreal Minigame/Level 1/LV1_4.png)
[2021.12.13-21.13.34:238][440]LogTexture: Display: Building textures: LV1_4 (BGRA8, 416X389)
[2021.12.13-21.13.34:257][440]LogFactory: FactoryCreateFile: Texture with ReimportTextureFactory (0 0 ../../../../../../Users/inuya/Documents/BSU/GIMM 400/Unreal Minigame/Level 1/LV1_5.png)
[2021.12.13-21.13.34:258][440]LogTexture: Display: Building textures: LV1_5 (BGRA8, 253X167)
[2021.12.13-21.13.34:276][440]LogFactory: FactoryCreateFile: Texture with ReimportTextureFactory (0 0 ../../../../../../Users/inuya/Documents/BSU/GIMM 400/Unreal Minigame/Level 1/LV1_ceiling.png)
[2021.12.13-21.13.34:279][440]LogTexture: Display: Building textures: LV1_ceiling (BGRA8, 1280X186)
[2021.12.13-21.13.34:300][440]LogFactory: FactoryCreateFile: Texture with ReimportTextureFactory (0 0 ../../../../../../Users/inuya/Documents/BSU/GIMM 400/Unreal Minigame/Level 1/LV1_keyCollected.png)
[2021.12.13-21.13.34:301][440]LogTexture: Display: Building textures: LV1_keyCollected (BGRA8, 37X38)
[2021.12.13-21.13.34:307][440]LogFactory: FactoryCreateFile: Texture with ReimportTextureFactory (0 0 ../../../../../../Users/inuya/Documents/BSU/GIMM 400/Unreal Minigame/Level 1/LV1_lava1.png)
[2021.12.13-21.13.34:308][440]LogTexture: Display: Building textures: LV1_lava1 (BGRA8, 117X66)
[2021.12.13-21.13.34:314][440]LogFactory: FactoryCreateFile: Texture with ReimportTextureFactory (0 0 ../../../../../../Users/inuya/Documents/BSU/GIMM 400/Unreal Minigame/Level 1/LV1_lava2.png)
[2021.12.13-21.13.34:315][440]LogTexture: Display: Building textures: LV1_lava2 (BGRA8, 46X13)
[2021.12.13-21.13.34:320][440]LogFactory: FactoryCreateFile: Texture with ReimportTextureFactory (0 0 ../../../../../../Users/inuya/Documents/BSU/GIMM 400/Unreal Minigame/Level 1/LV1_lavaDrop.png)
[2021.12.13-21.13.34:321][440]LogTexture: Display: Building textures: LV1_lavaDrop (BGRA8, 18X17)
[2021.12.13-21.13.34:326][440]LogFactory: FactoryCreateFile: Texture with ReimportTextureFactory (0 0 ../../../../../../Users/inuya/Documents/BSU/GIMM 400/Unreal Minigame/Level 1/LV1_lavaDropBase.png)
[2021.12.13-21.13.34:328][440]LogTexture: Display: Building textures: LV1_lavaDropBase (OODLE_AutoDXT, 140X128)
[2021.12.13-21.13.34:335][440]LogFactory: FactoryCreateFile: Texture with ReimportTextureFactory (0 0 ../../../../../../Users/inuya/Documents/BSU/GIMM 400/Unreal Minigame/Level 1/LV1_spike1.png)
[2021.12.13-21.13.34:337][440]LogTexture: Display: Building textures: LV1_spike1 (BGRA8, 70X61)
[2021.12.13-21.13.34:338][440]LogFactory: FactoryCreateFile: Texture with ReimportTextureFactory (0 0 ../../../../../../Users/inuya/Documents/BSU/GIMM 400/Unreal Minigame/Level 1/LV1_spike2.png)
[2021.12.13-21.13.34:340][440]LogTexture: Display: Building textures: LV1_spike2 (BGRA8, 79X110)
[2021.12.13-21.13.34:341][440]LogFactory: FactoryCreateFile: Texture with ReimportTextureFactory (0 0 ../../../../../../Users/inuya/Documents/BSU/GIMM 400/Unreal Minigame/Level 1/LV1_steam.png)
[2021.12.13-21.13.34:343][440]LogTexture: Display: Building textures: LV1_steam (BGRA8, 57X68)
[2021.12.13-21.13.45:120][ 69]LogSavePackage: Moving '../../../../../../Users/inuya/Documents/GitHub/Unreal2D/Unreal2D/Saved/LV1_BG5979C7C847668468FBB7D3B8C68ABF49.tmp' to '../../../../../../Users/inuya/Documents/GitHub/Unreal2D/Unreal2D/Content/2DSideScroller/Sprites/Level1Sprites/LV1_BG.uasset'
[2021.12.13-21.13.45:181][ 69]LogUObjectHash: Compacting FUObjectHashTables data took   0.58ms
[2021.12.13-21.13.45:195][ 69]LogUObjectHash: Compacting FUObjectHashTables data took   0.67ms
[2021.12.13-21.13.45:200][ 69]LogUObjectHash: Compacting FUObjectHashTables data took   0.28ms
[2021.12.13-21.13.45:232][ 69]AssetCheck: New page: Asset Save: LV1_BG
[2021.12.13-21.13.45:232][ 69]LogContentValidation: Display: Validating Texture2D /Game/2DSideScroller/Sprites/Level1Sprites/LV1_BG.LV1_BG
[2021.12.13-21.15.24:620][569]LogEditorViewport: Clicking on Actor (LMB): PaperSpriteActor (Ledge_26)
[2021.12.13-21.15.26:648][679]LogEditorViewport: Clicking Background
